#
# There is insufficient memory for the Java Runtime Environment to continue.
# Native memory allocation (malloc) failed to allocate 1690736 bytes for Chunk::new
# Possible reasons:
#   The system is out of physical RAM or swap space
#   The process is running with CompressedOops enabled, and the Java Heap may be blocking the growth of the native heap
# Possible solutions:
#   Reduce memory load on the system
#   Increase physical memory or swap space
#   Check if swap backing store is full
#   Decrease Java heap size (-Xmx/-Xms)
#   Decrease number of Java threads
#   Decrease Java thread stack sizes (-Xss)
#   Set larger code cache with -XX:ReservedCodeCacheSize=
#   JVM is running with Unscaled Compressed Oops mode in which the Java heap is
#     placed in the first 4GB address space. The Java Heap base address is the
#     maximum limit for the native heap growth. Please use -XX:HeapBaseMinAddress
#     to set the Java Heap base and to place the Java Heap above 4GB virtual address.
# This output file may be truncated or incomplete.
#
#  Out of Memory Error (./src/hotspot/share/memory/arena.cpp:197), pid=1916, tid=7408
#
# JRE version: OpenJDK Runtime Environment (11.0.13) (build 11.0.13+0-b1751.21-8125866)
# Java VM: OpenJDK 64-Bit Server VM (11.0.13+0-b1751.21-8125866, mixed mode, tiered, compressed oops, g1 gc, windows-amd64)
# No core dump will be written. Minidumps are not enabled by default on client versions of Windows
#

---------------  S U M M A R Y ------------

Command Line: --add-opens=java.base/java.util=ALL-UNNAMED --add-opens=java.base/java.lang=ALL-UNNAMED --add-opens=java.base/java.lang.invoke=ALL-UNNAMED --add-opens=java.base/java.util=ALL-UNNAMED --add-opens=java.prefs/java.util.prefs=ALL-UNNAMED --add-opens=java.prefs/java.util.prefs=ALL-UNNAMED --add-opens=java.base/java.nio.charset=ALL-UNNAMED --add-opens=java.base/java.net=ALL-UNNAMED --add-opens=java.base/java.util.concurrent.atomic=ALL-UNNAMED -Xmx2048m -Dfile.encoding=UTF-8 -Duser.country=US -Duser.language=en -Duser.variant org.gradle.launcher.daemon.bootstrap.GradleDaemon 7.4

Host: Intel(R) Core(TM) i7-6500U CPU @ 2.50GHz, 4 cores, 7G,  Windows 10 , 64 bit Build 19041 (10.0.19041.1889)
Time: Fri Oct 14 03:06:06 2022 Turkey Standard Time elapsed time: 165.210925 seconds (0d 0h 2m 45s)

---------------  T H R E A D  ---------------

Current thread (0x00000227a0dfc800):  JavaThread "C2 CompilerThread0" daemon [_thread_in_native, id=7408, stack(0x000000b2c6200000,0x000000b2c6300000)]


Current CompileTask:
C2: 165211 21831       4       org.gradle.internal.operations.DefaultBuildOperationRunner::execute (147 bytes)

Stack: [0x000000b2c6200000,0x000000b2c6300000]
Native frames: (J=compiled Java code, j=interpreted, Vv=VM code, C=native code)
V  [jvm.dll+0x6100fa]
V  [jvm.dll+0x747090]
V  [jvm.dll+0x7486ad]
V  [jvm.dll+0x748d83]
V  [jvm.dll+0x24ab48]
V  [jvm.dll+0xc04dc]
V  [jvm.dll+0xc0a0c]
V  [jvm.dll+0x35eb5b]
V  [jvm.dll+0x32b833]
V  [jvm.dll+0x32ad2a]
V  [jvm.dll+0x2032b2]
V  [jvm.dll+0x202437]
V  [jvm.dll+0x188e01]
V  [jvm.dll+0x21106b]
V  [jvm.dll+0x20f8c1]
V  [jvm.dll+0x70de0f]
V  [jvm.dll+0x706a75]
V  [jvm.dll+0x60ed66]
C  [ucrtbase.dll+0x21bb2]
C  [KERNEL32.DLL+0x17034]
C  [ntdll.dll+0x526a1]


---------------  P R O C E S S  ---------------

Threads class SMR info:
_java_thread_list=0x00000227ad41f200, length=87, elements={
0x00000227869eb800, 0x00000227a0dd5800, 0x00000227a0dd9000, 0x00000227a0df1000,
0x00000227a0df3000, 0x00000227a0df5800, 0x00000227a0dfc800, 0x00000227a0dfe800,
0x00000227a1717800, 0x00000227a18ab800, 0x00000227a3bab000, 0x00000227a37e6000,
0x00000227a2a8a000, 0x00000227a3655800, 0x00000227a3656800, 0x00000227a3658000,
0x00000227a3659000, 0x00000227a3657800, 0x00000227a597e000, 0x00000227a5983000,
0x00000227a5984000, 0x00000227a5982800, 0x00000227a597f000, 0x00000227a6193800,
0x00000227a619c800, 0x00000227a39af800, 0x00000227a39b5000, 0x00000227a39b3800,
0x00000227a6192800, 0x00000227a6195000, 0x00000227a6196800, 0x00000227a6194000,
0x00000227a6191000, 0x00000227a6197800, 0x00000227a6191800, 0x00000227a619e000,
0x00000227a6199000, 0x00000227a619d000, 0x00000227a6198800, 0x00000227a619f000,
0x00000227a619f800, 0x00000227a619a000, 0x00000227a619a800, 0x00000227a39aa800,
0x00000227a39a9800, 0x00000227a39ad000, 0x00000227a39a8000, 0x00000227a39ae800,
0x00000227a39ae000, 0x00000227a39a9000, 0x00000227a39b0000, 0x00000227a39b1000,
0x00000227a39ab800, 0x00000227a39b2800, 0x00000227a39b4800, 0x00000227a39b6000,
0x00000227a39b6800, 0x00000227a39b2000, 0x00000227a5985800, 0x00000227a5980800,
0x00000227a5986800, 0x00000227a5987000, 0x00000227a5981800, 0x00000227a5989800,
0x00000227a5984800, 0x00000227a598b000, 0x00000227a598a800, 0x00000227a598c000,
0x00000227a598d000, 0x00000227a5988000, 0x00000227a5989000, 0x00000227a365a000,
0x00000227a3654000, 0x00000227a3655000, 0x00000227a365a800, 0x00000227a5f57000,
0x00000227a5f5d800, 0x00000227a5f58000, 0x00000227a5f5e800, 0x00000227a5f58800,
0x00000227a5f5f000, 0x00000227a5f5c800, 0x00000227a5f59800, 0x00000227a5f60000,
0x00000227a5f5a000, 0x00000227a5f60800, 0x00000227a5f5c000
}

Java Threads: ( => current thread )
  0x00000227869eb800 JavaThread "main" [_thread_blocked, id=9308, stack(0x000000b2c5600000,0x000000b2c5700000)]
  0x00000227a0dd5800 JavaThread "Reference Handler" daemon [_thread_blocked, id=1128, stack(0x000000b2c5d00000,0x000000b2c5e00000)]
  0x00000227a0dd9000 JavaThread "Finalizer" daemon [_thread_blocked, id=7112, stack(0x000000b2c5e00000,0x000000b2c5f00000)]
  0x00000227a0df1000 JavaThread "Signal Dispatcher" daemon [_thread_blocked, id=10416, stack(0x000000b2c5f00000,0x000000b2c6000000)]
  0x00000227a0df3000 JavaThread "Attach Listener" daemon [_thread_blocked, id=2192, stack(0x000000b2c6000000,0x000000b2c6100000)]
  0x00000227a0df5800 JavaThread "Service Thread" daemon [_thread_blocked, id=8344, stack(0x000000b2c6100000,0x000000b2c6200000)]
=>0x00000227a0dfc800 JavaThread "C2 CompilerThread0" daemon [_thread_in_native, id=7408, stack(0x000000b2c6200000,0x000000b2c6300000)]
  0x00000227a0dfe800 JavaThread "C1 CompilerThread0" daemon [_thread_blocked, id=8696, stack(0x000000b2c6300000,0x000000b2c6400000)]
  0x00000227a1717800 JavaThread "Sweeper thread" daemon [_thread_blocked, id=11900, stack(0x000000b2c6400000,0x000000b2c6500000)]
  0x00000227a18ab800 JavaThread "Common-Cleaner" daemon [_thread_blocked, id=2400, stack(0x000000b2c6500000,0x000000b2c6600000)]
  0x00000227a3bab000 JavaThread "Daemon health stats" [_thread_blocked, id=11452, stack(0x000000b2c6900000,0x000000b2c6a00000)]
  0x00000227a37e6000 JavaThread "Incoming local TCP Connector on port 49736" [_thread_in_native, id=9580, stack(0x000000b2c6a00000,0x000000b2c6b00000)]
  0x00000227a2a8a000 JavaThread "Daemon periodic checks" [_thread_blocked, id=824, stack(0x000000b2c6b00000,0x000000b2c6c00000)]
  0x00000227a3655800 JavaThread "Cache worker for journal cache (C:\Users\yusuf\.gradle\caches\journal-1)" [_thread_blocked, id=8576, stack(0x000000b2c7400000,0x000000b2c7500000)]
  0x00000227a3656800 JavaThread "File lock request listener" [_thread_in_native, id=5936, stack(0x000000b2c7500000,0x000000b2c7600000)]
  0x00000227a3658000 JavaThread "Cache worker for file hash cache (C:\Users\yusuf\.gradle\caches\7.4\fileHashes)" [_thread_blocked, id=1424, stack(0x000000b2c7600000,0x000000b2c7700000)]
  0x00000227a3659000 JavaThread "File watcher server" daemon [_thread_in_native, id=1636, stack(0x000000b2c7700000,0x000000b2c7800000)]
  0x00000227a3657800 JavaThread "File watcher consumer" daemon [_thread_blocked, id=5028, stack(0x000000b2c7800000,0x000000b2c7900000)]
  0x00000227a597e000 JavaThread "Cache worker for execution history cache (C:\Users\yusuf\.gradle\caches\7.4\executionHistory)" [_thread_blocked, id=948, stack(0x000000b2c7d00000,0x000000b2c7e00000)]
  0x00000227a5983000 JavaThread "jar transforms" [_thread_blocked, id=11268, stack(0x000000b2c7e00000,0x000000b2c7f00000)]
  0x00000227a5984000 JavaThread "Cache worker for file content cache (C:\Users\yusuf\.gradle\caches\7.4\fileContent)" [_thread_blocked, id=11312, stack(0x000000b2c7f00000,0x000000b2c8000000)]
  0x00000227a5982800 JavaThread "jar transforms Thread 2" [_thread_blocked, id=5940, stack(0x000000b2c8000000,0x000000b2c8100000)]
  0x00000227a597f000 JavaThread "jar transforms Thread 3" [_thread_blocked, id=1708, stack(0x000000b2c8200000,0x000000b2c8300000)]
  0x00000227a6193800 JavaThread "jar transforms Thread 4" [_thread_blocked, id=6112, stack(0x000000b2cac00000,0x000000b2cad00000)]
  0x00000227a619c800 JavaThread "Memory manager" [_thread_blocked, id=7316, stack(0x000000b2cad00000,0x000000b2cae00000)]
  0x00000227a39af800 JavaThread "Cache worker for Java compile cache (C:\Users\yusuf\.gradle\caches\7.4\javaCompile)" [_thread_blocked, id=1400, stack(0x000000b2cbb00000,0x000000b2cbc00000)]
  0x00000227a39b5000 JavaThread "ForkJoinPool.commonPool-worker-5" daemon [_thread_blocked, id=5972, stack(0x000000b2c7100000,0x000000b2c7200000)]
  0x00000227a39b3800 JavaThread "ForkJoinPool.commonPool-worker-7" daemon [_thread_blocked, id=12148, stack(0x000000b2cc000000,0x000000b2cc100000)]
  0x00000227a6192800 JavaThread "Daemon Thread 2" [_thread_blocked, id=13280, stack(0x000000b2c5300000,0x000000b2c5400000)]
  0x00000227a6195000 JavaThread "Handler for socket connection from /127.0.0.1:49736 to /127.0.0.1:49757" [_thread_in_native, id=8420, stack(0x000000b2c5400000,0x000000b2c5500000)]
  0x00000227a6196800 JavaThread "Cancel handler" [_thread_blocked, id=6388, stack(0x000000b2c5500000,0x000000b2c5600000)]
  0x00000227a6194000 JavaThread "Daemon worker Thread 2" [_thread_blocked, id=12512, stack(0x000000b2c6c00000,0x000000b2c6d00000)]
  0x00000227a6191000 JavaThread "Asynchronous log dispatcher for DefaultDaemonConnection: socket connection from /127.0.0.1:49736 to /127.0.0.1:49757" [_thread_blocked, id=11192, stack(0x000000b2c6d00000,0x000000b2c6e00000)]
  0x00000227a6197800 JavaThread "Stdin handler" [_thread_blocked, id=13152, stack(0x000000b2c6e00000,0x000000b2c6f00000)]
  0x00000227a6191800 JavaThread "Daemon client event forwarder" [_thread_blocked, id=11872, stack(0x000000b2c6f00000,0x000000b2c7000000)]
  0x00000227a619e000 JavaThread "Cache worker for checksums cache (C:\Users\yusuf\StudioProjects\sozlukBeta\sozlukBeta-last_version_before_progress\.gradle\7.4\checksums)" [_thread_blocked, id=8016, stack(0x000000b2c7000000,0x000000b2c7100000)]
  0x00000227a6199000 JavaThread "Cache worker for cache directory md-rule (C:\Users\yusuf\.gradle\caches\7.4\md-rule)" [_thread_blocked, id=11004, stack(0x000000b2c7200000,0x000000b2c7300000)]
  0x00000227a619d000 JavaThread "Cache worker for file hash cache (C:\Users\yusuf\StudioProjects\sozlukBeta\sozlukBeta-last_version_before_progress\.gradle\7.4\fileHashes)" [_thread_blocked, id=8328, stack(0x000000b2c7900000,0x000000b2c7a00000)]
  0x00000227a6198800 JavaThread "Cache worker for cache directory md-supplier (C:\Users\yusuf\.gradle\caches\7.4\md-supplier)" [_thread_blocked, id=5528, stack(0x000000b2c7a00000,0x000000b2c7b00000)]
  0x00000227a619f000 JavaThread "Cache worker for dependencies-accessors (C:\Users\yusuf\StudioProjects\sozlukBeta\sozlukBeta-last_version_before_progress\.gradle\7.4\dependencies-accessors)" [_thread_blocked, id=4020, stack(0x000000b2c7b00000,0x000000b2c7c00000)]
  0x00000227a619f800 JavaThread "Cache worker for Build Output Cleanup Cache (C:\Users\yusuf\StudioProjects\sozlukBeta\sozlukBeta-last_version_before_progress\.gradle\buildOutputCleanup)" [_thread_blocked, id=5744, stack(0x000000b2c7c00000,0x000000b2c7d00000)]
  0x00000227a619a000 JavaThread "Unconstrained build operations" [_thread_blocked, id=12296, stack(0x000000b2c8100000,0x000000b2c8200000)]
  0x00000227a619a800 JavaThread "Unconstrained build operations Thread 2" [_thread_blocked, id=10720, stack(0x000000b2c8300000,0x000000b2c8400000)]
  0x00000227a39aa800 JavaThread "Unconstrained build operations Thread 3" [_thread_blocked, id=12712, stack(0x000000b2c8400000,0x000000b2c8500000)]
  0x00000227a39a9800 JavaThread "Unconstrained build operations Thread 4" [_thread_blocked, id=11068, stack(0x000000b2c8500000,0x000000b2c8600000)]
  0x00000227a39ad000 JavaThread "Unconstrained build operations Thread 5" [_thread_blocked, id=4936, stack(0x000000b2c8600000,0x000000b2c8700000)]
  0x00000227a39a8000 JavaThread "Unconstrained build operations Thread 6" [_thread_blocked, id=11388, stack(0x000000b2c8700000,0x000000b2c8800000)]
  0x00000227a39ae800 JavaThread "Unconstrained build operations Thread 7" [_thread_blocked, id=7228, stack(0x000000b2c8800000,0x000000b2c8900000)]
  0x00000227a39ae000 JavaThread "Unconstrained build operations Thread 8" [_thread_blocked, id=464, stack(0x000000b2c8900000,0x000000b2c8a00000)]
  0x00000227a39a9000 JavaThread "Unconstrained build operations Thread 9" [_thread_blocked, id=7204, stack(0x000000b2c8a00000,0x000000b2c8b00000)]
  0x00000227a39b0000 JavaThread "Unconstrained build operations Thread 10" [_thread_blocked, id=3376, stack(0x000000b2c8b00000,0x000000b2c8c00000)]
  0x00000227a39b1000 JavaThread "Unconstrained build operations Thread 11" [_thread_blocked, id=10788, stack(0x000000b2c8c00000,0x000000b2c8d00000)]
  0x00000227a39ab800 JavaThread "Unconstrained build operations Thread 12" [_thread_blocked, id=11576, stack(0x000000b2c8d00000,0x000000b2c8e00000)]
  0x00000227a39b2800 JavaThread "Unconstrained build operations Thread 13" [_thread_blocked, id=7852, stack(0x000000b2c8e00000,0x000000b2c8f00000)]
  0x00000227a39b4800 JavaThread "Unconstrained build operations Thread 14" [_thread_blocked, id=5796, stack(0x000000b2c8f00000,0x000000b2c9000000)]
  0x00000227a39b6000 JavaThread "Unconstrained build operations Thread 15" [_thread_blocked, id=10104, stack(0x000000b2c9000000,0x000000b2c9100000)]
  0x00000227a39b6800 JavaThread "Unconstrained build operations Thread 16" [_thread_blocked, id=6140, stack(0x000000b2c9100000,0x000000b2c9200000)]
  0x00000227a39b2000 JavaThread "Unconstrained build operations Thread 17" [_thread_blocked, id=6916, stack(0x000000b2c9200000,0x000000b2c9300000)]
  0x00000227a5985800 JavaThread "Unconstrained build operations Thread 18" [_thread_blocked, id=6024, stack(0x000000b2c9300000,0x000000b2c9400000)]
  0x00000227a5980800 JavaThread "Unconstrained build operations Thread 19" [_thread_blocked, id=6616, stack(0x000000b2c9400000,0x000000b2c9500000)]
  0x00000227a5986800 JavaThread "Unconstrained build operations Thread 20" [_thread_blocked, id=5736, stack(0x000000b2c9500000,0x000000b2c9600000)]
  0x00000227a5987000 JavaThread "Unconstrained build operations Thread 21" [_thread_blocked, id=9360, stack(0x000000b2c9600000,0x000000b2c9700000)]
  0x00000227a5981800 JavaThread "Unconstrained build operations Thread 22" [_thread_blocked, id=12540, stack(0x000000b2c9700000,0x000000b2c9800000)]
  0x00000227a5989800 JavaThread "Unconstrained build operations Thread 23" [_thread_blocked, id=12448, stack(0x000000b2c9800000,0x000000b2c9900000)]
  0x00000227a5984800 JavaThread "Unconstrained build operations Thread 24" [_thread_blocked, id=11208, stack(0x000000b2c9900000,0x000000b2c9a00000)]
  0x00000227a598b000 JavaThread "Unconstrained build operations Thread 25" [_thread_blocked, id=484, stack(0x000000b2c9a00000,0x000000b2c9b00000)]
  0x00000227a598a800 JavaThread "Unconstrained build operations Thread 26" [_thread_blocked, id=10712, stack(0x000000b2c9b00000,0x000000b2c9c00000)]
  0x00000227a598c000 JavaThread "Unconstrained build operations Thread 27" [_thread_blocked, id=11332, stack(0x000000b2c9c00000,0x000000b2c9d00000)]
  0x00000227a598d000 JavaThread "Unconstrained build operations Thread 28" [_thread_blocked, id=8804, stack(0x000000b2c9d00000,0x000000b2c9e00000)]
  0x00000227a5988000 JavaThread "Unconstrained build operations Thread 29" [_thread_blocked, id=8136, stack(0x000000b2c9e00000,0x000000b2c9f00000)]
  0x00000227a5989000 JavaThread "Unconstrained build operations Thread 30" [_thread_blocked, id=5232, stack(0x000000b2c9f00000,0x000000b2ca000000)]
  0x00000227a365a000 JavaThread "Unconstrained build operations Thread 31" [_thread_blocked, id=13220, stack(0x000000b2ca000000,0x000000b2ca100000)]
  0x00000227a3654000 JavaThread "Unconstrained build operations Thread 32" [_thread_blocked, id=5212, stack(0x000000b2ca100000,0x000000b2ca200000)]
  0x00000227a3655000 JavaThread "Unconstrained build operations Thread 33" [_thread_blocked, id=11704, stack(0x000000b2ca200000,0x000000b2ca300000)]
  0x00000227a365a800 JavaThread "Unconstrained build operations Thread 34" [_thread_blocked, id=6252, stack(0x000000b2ca300000,0x000000b2ca400000)]
  0x00000227a5f57000 JavaThread "Unconstrained build operations Thread 35" [_thread_blocked, id=7748, stack(0x000000b2ca400000,0x000000b2ca500000)]
  0x00000227a5f5d800 JavaThread "Unconstrained build operations Thread 36" [_thread_blocked, id=7568, stack(0x000000b2ca500000,0x000000b2ca600000)]
  0x00000227a5f58000 JavaThread "Unconstrained build operations Thread 37" [_thread_blocked, id=7376, stack(0x000000b2ca600000,0x000000b2ca700000)]
  0x00000227a5f5e800 JavaThread "Unconstrained build operations Thread 38" [_thread_blocked, id=3084, stack(0x000000b2ca700000,0x000000b2ca800000)]
  0x00000227a5f58800 JavaThread "Unconstrained build operations Thread 39" [_thread_blocked, id=8408, stack(0x000000b2ca800000,0x000000b2ca900000)]
  0x00000227a5f5f000 JavaThread "Unconstrained build operations Thread 40" [_thread_blocked, id=11116, stack(0x000000b2ca900000,0x000000b2caa00000)]
  0x00000227a5f5c800 JavaThread "build event listener" [_thread_blocked, id=10000, stack(0x000000b2caa00000,0x000000b2cab00000)]
  0x00000227a5f59800 JavaThread "included builds" [_thread_blocked, id=12184, stack(0x000000b2cab00000,0x000000b2cac00000)]
  0x00000227a5f60000 JavaThread "Execution worker for ':'" [_thread_in_Java, id=11076, stack(0x000000b2cae00000,0x000000b2caf00000)]
  0x00000227a5f5a000 JavaThread "Execution worker for ':' Thread 2" [_thread_blocked, id=1752, stack(0x000000b2caf00000,0x000000b2cb000000)]
  0x00000227a5f60800 JavaThread "Execution worker for ':' Thread 3" [_thread_blocked, id=2488, stack(0x000000b2cb000000,0x000000b2cb100000)]
  0x00000227a5f5c000 JavaThread "Cache worker for execution history cache (C:\Users\yusuf\StudioProjects\sozlukBeta\sozlukBeta-last_version_before_progress\.gradle\7.4\executionHistory)" [_thread_blocked, id=5552, stack(0x000000b2cb100000,0x000000b2cb200000)]

Other Threads:
  0x00000227a0d90000 VMThread "VM Thread" [stack: 0x000000b2c5c00000,0x000000b2c5d00000] [id=8460]
  0x00000227a1915000 WatcherThread [stack: 0x000000b2c6600000,0x000000b2c6700000] [id=2212]
  0x0000022786a04000 GCTaskThread "GC Thread#0" [stack: 0x000000b2c5700000,0x000000b2c5800000] [id=11828]
  0x00000227a1eff000 GCTaskThread "GC Thread#1" [stack: 0x000000b2c6700000,0x000000b2c6800000] [id=13172]
  0x00000227a1eff800 GCTaskThread "GC Thread#2" [stack: 0x000000b2c6800000,0x000000b2c6900000] [id=10588]
  0x00000227a300f000 GCTaskThread "GC Thread#3" [stack: 0x000000b2c7300000,0x000000b2c7400000] [id=7216]
  0x0000022786a34800 ConcurrentGCThread "G1 Main Marker" [stack: 0x000000b2c5800000,0x000000b2c5900000] [id=7140]
  0x0000022786a37800 ConcurrentGCThread "G1 Conc#0" [stack: 0x000000b2c5900000,0x000000b2c5a00000] [id=10204]
  0x0000022786ac2000 ConcurrentGCThread "G1 Refine#0" [stack: 0x000000b2c5a00000,0x000000b2c5b00000] [id=7724]
  0x0000022786ac3000 ConcurrentGCThread "G1 Young RemSet Sampling" [stack: 0x000000b2c5b00000,0x000000b2c5c00000] [id=8100]

Threads with active compile tasks:
C2 CompilerThread0 165254 21831       4       org.gradle.internal.operations.DefaultBuildOperationRunner::execute (147 bytes)

VM state:not at safepoint (normal execution)

VM Mutex/Monitor currently owned by a thread: None

Heap address: 0x0000000080000000, size: 2048 MB, Compressed Oops mode: 32-bit
Narrow klass base: 0x0000000000000000, Narrow klass shift: 3
Compressed class space size: 1073741824 Address: 0x0000000100000000

Heap:
 garbage-first heap   total 225280K, used 132978K [0x0000000080000000, 0x0000000100000000)
  region size 1024K, 11 young (11264K), 2 survivors (2048K)
 Metaspace       used 123182K, capacity 126435K, committed 127056K, reserved 1159168K
  class space    used 15280K, capacity 16552K, committed 16844K, reserved 1048576K
Heap Regions: E=young(eden), S=young(survivor), O=old, HS=humongous(starts), HC=humongous(continues), CS=collection set, F=free, A=archive, TAMS=top-at-mark-start (previous, next)
|   0|0x0000000080000000, 0x0000000080100000, 0x0000000080100000|100%|HS|  |TAMS 0x0000000080100000, 0x0000000080000000| Complete 
|   1|0x0000000080100000, 0x0000000080200000, 0x0000000080200000|100%|HC|  |TAMS 0x0000000080200000, 0x0000000080100000| Complete 
|   2|0x0000000080200000, 0x0000000080300000, 0x0000000080300000|100%|HC|  |TAMS 0x0000000080300000, 0x0000000080200000| Complete 
|   3|0x0000000080300000, 0x0000000080400000, 0x0000000080400000|100%| O|  |TAMS 0x0000000080400000, 0x0000000080300000| Untracked 
|   4|0x0000000080400000, 0x0000000080500000, 0x0000000080500000|100%| O|  |TAMS 0x0000000080500000, 0x0000000080400000| Untracked 
|   5|0x0000000080500000, 0x0000000080600000, 0x0000000080600000|100%| O|  |TAMS 0x0000000080600000, 0x0000000080500000| Untracked 
|   6|0x0000000080600000, 0x0000000080700000, 0x0000000080700000|100%| O|  |TAMS 0x0000000080700000, 0x0000000080600000| Untracked 
|   7|0x0000000080700000, 0x0000000080800000, 0x0000000080800000|100%| O|  |TAMS 0x0000000080800000, 0x0000000080700000| Untracked 
|   8|0x0000000080800000, 0x0000000080900000, 0x0000000080900000|100%| O|  |TAMS 0x0000000080900000, 0x0000000080800000| Untracked 
|   9|0x0000000080900000, 0x0000000080a00000, 0x0000000080a00000|100%| O|  |TAMS 0x0000000080a00000, 0x0000000080900000| Untracked 
|  10|0x0000000080a00000, 0x0000000080b00000, 0x0000000080b00000|100%| O|  |TAMS 0x0000000080b00000, 0x0000000080a00000| Untracked 
|  11|0x0000000080b00000, 0x0000000080c00000, 0x0000000080c00000|100%| O|  |TAMS 0x0000000080c00000, 0x0000000080b00000| Untracked 
|  12|0x0000000080c00000, 0x0000000080d00000, 0x0000000080d00000|100%| O|  |TAMS 0x0000000080d00000, 0x0000000080c00000| Untracked 
|  13|0x0000000080d00000, 0x0000000080e00000, 0x0000000080e00000|100%| O|  |TAMS 0x0000000080e00000, 0x0000000080d00000| Untracked 
|  14|0x0000000080e00000, 0x0000000080f00000, 0x0000000080f00000|100%| O|  |TAMS 0x0000000080f00000, 0x0000000080e00000| Untracked 
|  15|0x0000000080f00000, 0x0000000081000000, 0x0000000081000000|100%| O|  |TAMS 0x0000000081000000, 0x0000000080f00000| Untracked 
|  16|0x0000000081000000, 0x0000000081100000, 0x0000000081100000|100%| O|  |TAMS 0x0000000081100000, 0x0000000081000000| Untracked 
|  17|0x0000000081100000, 0x0000000081200000, 0x0000000081200000|100%|HS|  |TAMS 0x0000000081200000, 0x0000000081100000| Complete 
|  18|0x0000000081200000, 0x0000000081300000, 0x0000000081300000|100%| O|  |TAMS 0x0000000081300000, 0x0000000081200000| Untracked 
|  19|0x0000000081300000, 0x0000000081400000, 0x0000000081400000|100%| O|  |TAMS 0x0000000081400000, 0x0000000081300000| Untracked 
|  20|0x0000000081400000, 0x0000000081500000, 0x0000000081500000|100%| O|  |TAMS 0x0000000081500000, 0x0000000081400000| Untracked 
|  21|0x0000000081500000, 0x0000000081600000, 0x0000000081600000|100%| O|  |TAMS 0x0000000081600000, 0x0000000081500000| Untracked 
|  22|0x0000000081600000, 0x0000000081700000, 0x0000000081700000|100%| O|  |TAMS 0x0000000081700000, 0x0000000081600000| Untracked 
|  23|0x0000000081700000, 0x0000000081800000, 0x0000000081800000|100%| O|  |TAMS 0x0000000081800000, 0x0000000081700000| Untracked 
|  24|0x0000000081800000, 0x0000000081900000, 0x0000000081900000|100%|HS|  |TAMS 0x0000000081900000, 0x0000000081800000| Complete 
|  25|0x0000000081900000, 0x0000000081a00000, 0x0000000081a00000|100%|HS|  |TAMS 0x0000000081a00000, 0x0000000081900000| Complete 
|  26|0x0000000081a00000, 0x0000000081b00000, 0x0000000081b00000|100%|HS|  |TAMS 0x0000000081b00000, 0x0000000081a00000| Complete 
|  27|0x0000000081b00000, 0x0000000081c00000, 0x0000000081c00000|100%|HC|  |TAMS 0x0000000081c00000, 0x0000000081b00000| Complete 
|  28|0x0000000081c00000, 0x0000000081d00000, 0x0000000081d00000|100%|HC|  |TAMS 0x0000000081d00000, 0x0000000081c00000| Complete 
|  29|0x0000000081d00000, 0x0000000081e00000, 0x0000000081e00000|100%| O|  |TAMS 0x0000000081e00000, 0x0000000081d00000| Untracked 
|  30|0x0000000081e00000, 0x0000000081f00000, 0x0000000081f00000|100%|HS|  |TAMS 0x0000000081f00000, 0x0000000081e00000| Complete 
|  31|0x0000000081f00000, 0x0000000082000000, 0x0000000082000000|100%|HC|  |TAMS 0x0000000082000000, 0x0000000081f00000| Complete 
|  32|0x0000000082000000, 0x0000000082100000, 0x0000000082100000|100%| O|  |TAMS 0x0000000082100000, 0x0000000082000000| Untracked 
|  33|0x0000000082100000, 0x0000000082200000, 0x0000000082200000|100%| O|  |TAMS 0x0000000082200000, 0x0000000082100000| Untracked 
|  34|0x0000000082200000, 0x0000000082300000, 0x0000000082300000|100%| O|  |TAMS 0x0000000082300000, 0x0000000082200000| Untracked 
|  35|0x0000000082300000, 0x0000000082400000, 0x0000000082400000|100%| O|  |TAMS 0x0000000082400000, 0x0000000082300000| Untracked 
|  36|0x0000000082400000, 0x0000000082500000, 0x0000000082500000|100%| O|  |TAMS 0x0000000082500000, 0x0000000082400000| Untracked 
|  37|0x0000000082500000, 0x0000000082600000, 0x0000000082600000|100%| O|  |TAMS 0x0000000082600000, 0x0000000082500000| Untracked 
|  38|0x0000000082600000, 0x0000000082700000, 0x0000000082700000|100%| O|  |TAMS 0x0000000082700000, 0x0000000082600000| Untracked 
|  39|0x0000000082700000, 0x0000000082800000, 0x0000000082800000|100%| O|  |TAMS 0x0000000082800000, 0x0000000082700000| Untracked 
|  40|0x0000000082800000, 0x0000000082900000, 0x0000000082900000|100%| O|  |TAMS 0x0000000082900000, 0x0000000082800000| Untracked 
|  41|0x0000000082900000, 0x0000000082a00000, 0x0000000082a00000|100%| O|  |TAMS 0x0000000082a00000, 0x0000000082900000| Untracked 
|  42|0x0000000082a00000, 0x0000000082b00000, 0x0000000082b00000|100%| O|  |TAMS 0x0000000082b00000, 0x0000000082a00000| Untracked 
|  43|0x0000000082b00000, 0x0000000082c00000, 0x0000000082c00000|100%| O|  |TAMS 0x0000000082c00000, 0x0000000082b00000| Untracked 
|  44|0x0000000082c00000, 0x0000000082d00000, 0x0000000082d00000|100%| O|  |TAMS 0x0000000082d00000, 0x0000000082c00000| Untracked 
|  45|0x0000000082d00000, 0x0000000082e00000, 0x0000000082e00000|100%| O|  |TAMS 0x0000000082e00000, 0x0000000082d00000| Untracked 
|  46|0x0000000082e00000, 0x0000000082f00000, 0x0000000082f00000|100%| O|  |TAMS 0x0000000082f00000, 0x0000000082e00000| Untracked 
|  47|0x0000000082f00000, 0x0000000083000000, 0x0000000083000000|100%| O|  |TAMS 0x0000000083000000, 0x0000000082f00000| Untracked 
|  48|0x0000000083000000, 0x0000000083100000, 0x0000000083100000|100%| O|  |TAMS 0x0000000083100000, 0x0000000083000000| Untracked 
|  49|0x0000000083100000, 0x0000000083200000, 0x0000000083200000|100%| O|  |TAMS 0x0000000083200000, 0x0000000083100000| Untracked 
|  50|0x0000000083200000, 0x0000000083300000, 0x0000000083300000|100%| O|  |TAMS 0x0000000083300000, 0x0000000083200000| Untracked 
|  51|0x0000000083300000, 0x0000000083400000, 0x0000000083400000|100%| O|  |TAMS 0x0000000083400000, 0x0000000083300000| Untracked 
|  52|0x0000000083400000, 0x0000000083500000, 0x0000000083500000|100%| O|  |TAMS 0x0000000083500000, 0x0000000083400000| Untracked 
|  53|0x0000000083500000, 0x0000000083600000, 0x0000000083600000|100%| O|  |TAMS 0x0000000083600000, 0x0000000083500000| Untracked 
|  54|0x0000000083600000, 0x0000000083700000, 0x0000000083700000|100%| O|  |TAMS 0x0000000083700000, 0x0000000083600000| Untracked 
|  55|0x0000000083700000, 0x0000000083800000, 0x0000000083800000|100%| O|  |TAMS 0x0000000083800000, 0x0000000083700000| Untracked 
|  56|0x0000000083800000, 0x0000000083900000, 0x0000000083900000|100%| O|  |TAMS 0x0000000083900000, 0x0000000083800000| Untracked 
|  57|0x0000000083900000, 0x0000000083a00000, 0x0000000083a00000|100%| O|  |TAMS 0x0000000083a00000, 0x0000000083900000| Untracked 
|  58|0x0000000083a00000, 0x0000000083b00000, 0x0000000083b00000|100%| O|  |TAMS 0x0000000083b00000, 0x0000000083a00000| Untracked 
|  59|0x0000000083b00000, 0x0000000083c00000, 0x0000000083c00000|100%| O|  |TAMS 0x0000000083c00000, 0x0000000083b00000| Untracked 
|  60|0x0000000083c00000, 0x0000000083d00000, 0x0000000083d00000|100%| O|  |TAMS 0x0000000083d00000, 0x0000000083c00000| Untracked 
|  61|0x0000000083d00000, 0x0000000083e00000, 0x0000000083e00000|100%| O|  |TAMS 0x0000000083e00000, 0x0000000083d00000| Untracked 
|  62|0x0000000083e00000, 0x0000000083f00000, 0x0000000083f00000|100%| O|  |TAMS 0x0000000083f00000, 0x0000000083e00000| Untracked 
|  63|0x0000000083f00000, 0x0000000084000000, 0x0000000084000000|100%| O|  |TAMS 0x0000000084000000, 0x0000000083f00000| Untracked 
|  64|0x0000000084000000, 0x0000000084100000, 0x0000000084100000|100%| O|  |TAMS 0x0000000084100000, 0x0000000084000000| Untracked 
|  65|0x0000000084100000, 0x0000000084200000, 0x0000000084200000|100%| O|  |TAMS 0x0000000084200000, 0x0000000084100000| Untracked 
|  66|0x0000000084200000, 0x0000000084300000, 0x0000000084300000|100%| O|  |TAMS 0x0000000084300000, 0x0000000084200000| Untracked 
|  67|0x0000000084300000, 0x0000000084400000, 0x0000000084400000|100%| O|  |TAMS 0x0000000084400000, 0x0000000084300000| Untracked 
|  68|0x0000000084400000, 0x0000000084500000, 0x0000000084500000|100%| O|  |TAMS 0x0000000084500000, 0x0000000084400000| Untracked 
|  69|0x0000000084500000, 0x0000000084600000, 0x0000000084600000|100%| O|  |TAMS 0x0000000084600000, 0x0000000084500000| Untracked 
|  70|0x0000000084600000, 0x0000000084700000, 0x0000000084700000|100%| O|  |TAMS 0x0000000084700000, 0x0000000084600000| Untracked 
|  71|0x0000000084700000, 0x0000000084800000, 0x0000000084800000|100%| O|  |TAMS 0x0000000084800000, 0x0000000084700000| Untracked 
|  72|0x0000000084800000, 0x0000000084900000, 0x0000000084900000|100%| O|  |TAMS 0x0000000084900000, 0x0000000084800000| Untracked 
|  73|0x0000000084900000, 0x0000000084a00000, 0x0000000084a00000|100%| O|  |TAMS 0x0000000084a00000, 0x0000000084900000| Untracked 
|  74|0x0000000084a00000, 0x0000000084b00000, 0x0000000084b00000|100%| O|  |TAMS 0x0000000084b00000, 0x0000000084a00000| Untracked 
|  75|0x0000000084b00000, 0x0000000084c00000, 0x0000000084c00000|100%| O|  |TAMS 0x0000000084c00000, 0x0000000084b00000| Untracked 
|  76|0x0000000084c00000, 0x0000000084d00000, 0x0000000084d00000|100%| O|  |TAMS 0x0000000084d00000, 0x0000000084c00000| Untracked 
|  77|0x0000000084d00000, 0x0000000084e00000, 0x0000000084e00000|100%| O|  |TAMS 0x0000000084e00000, 0x0000000084d00000| Untracked 
|  78|0x0000000084e00000, 0x0000000084f00000, 0x0000000084f00000|100%| O|  |TAMS 0x0000000084f00000, 0x0000000084e00000| Untracked 
|  79|0x0000000084f00000, 0x0000000085000000, 0x0000000085000000|100%| O|  |TAMS 0x0000000085000000, 0x0000000084f00000| Untracked 
|  80|0x0000000085000000, 0x0000000085100000, 0x0000000085100000|100%| O|  |TAMS 0x0000000085100000, 0x0000000085000000| Untracked 
|  81|0x0000000085100000, 0x0000000085200000, 0x0000000085200000|100%| O|  |TAMS 0x0000000085200000, 0x0000000085100000| Untracked 
|  82|0x0000000085200000, 0x0000000085300000, 0x0000000085300000|100%| O|  |TAMS 0x0000000085300000, 0x0000000085200000| Untracked 
|  83|0x0000000085300000, 0x0000000085400000, 0x0000000085400000|100%| O|  |TAMS 0x0000000085400000, 0x0000000085300000| Untracked 
|  84|0x0000000085400000, 0x0000000085500000, 0x0000000085500000|100%| O|  |TAMS 0x0000000085500000, 0x0000000085400000| Untracked 
|  85|0x0000000085500000, 0x0000000085600000, 0x0000000085600000|100%| O|  |TAMS 0x0000000085600000, 0x0000000085500000| Untracked 
|  86|0x0000000085600000, 0x0000000085700000, 0x0000000085700000|100%| O|  |TAMS 0x0000000085700000, 0x0000000085600000| Untracked 
|  87|0x0000000085700000, 0x0000000085800000, 0x0000000085800000|100%| O|  |TAMS 0x0000000085800000, 0x0000000085700000| Untracked 
|  88|0x0000000085800000, 0x0000000085900000, 0x0000000085900000|100%| O|  |TAMS 0x0000000085900000, 0x0000000085800000| Untracked 
|  89|0x0000000085900000, 0x0000000085a00000, 0x0000000085a00000|100%| O|  |TAMS 0x0000000085a00000, 0x0000000085900000| Untracked 
|  90|0x0000000085a00000, 0x0000000085b00000, 0x0000000085b00000|100%| O|  |TAMS 0x0000000085b00000, 0x0000000085a00000| Untracked 
|  91|0x0000000085b00000, 0x0000000085c00000, 0x0000000085c00000|100%| O|  |TAMS 0x0000000085c00000, 0x0000000085b00000| Untracked 
|  92|0x0000000085c00000, 0x0000000085c00000, 0x0000000085d00000|  0%| F|  |TAMS 0x0000000085c00000, 0x0000000085c00000| Untracked 
|  93|0x0000000085d00000, 0x0000000085e00000, 0x0000000085e00000|100%| O|  |TAMS 0x0000000085d92a00, 0x0000000085d00000| Untracked 
|  94|0x0000000085e00000, 0x0000000085f00000, 0x0000000085f00000|100%| O|  |TAMS 0x0000000085f00000, 0x0000000085e00000| Untracked 
|  95|0x0000000085f00000, 0x0000000086000000, 0x0000000086000000|100%| O|  |TAMS 0x0000000086000000, 0x0000000085f00000| Untracked 
|  96|0x0000000086000000, 0x0000000086100000, 0x0000000086100000|100%| O|  |TAMS 0x0000000086100000, 0x0000000086000000| Untracked 
|  97|0x0000000086100000, 0x0000000086200000, 0x0000000086200000|100%| O|  |TAMS 0x0000000086200000, 0x0000000086100000| Untracked 
|  98|0x0000000086200000, 0x0000000086300000, 0x0000000086300000|100%| O|  |TAMS 0x0000000086300000, 0x0000000086200000| Untracked 
|  99|0x0000000086300000, 0x0000000086400000, 0x0000000086400000|100%| O|  |TAMS 0x0000000086400000, 0x0000000086300000| Untracked 
| 100|0x0000000086400000, 0x0000000086500000, 0x0000000086500000|100%| O|  |TAMS 0x0000000086400000, 0x0000000086400000| Untracked 
| 101|0x0000000086500000, 0x0000000086600000, 0x0000000086600000|100%| O|  |TAMS 0x0000000086600000, 0x0000000086500000| Untracked 
| 102|0x0000000086600000, 0x0000000086600000, 0x0000000086700000|  0%| F|  |TAMS 0x0000000086600000, 0x0000000086600000| Untracked 
| 103|0x0000000086700000, 0x0000000086800000, 0x0000000086800000|100%| O|  |TAMS 0x0000000086800000, 0x0000000086700000| Untracked 
| 104|0x0000000086800000, 0x0000000086900000, 0x0000000086900000|100%| O|  |TAMS 0x0000000086900000, 0x0000000086800000| Untracked 
| 105|0x0000000086900000, 0x0000000086a00000, 0x0000000086a00000|100%| O|  |TAMS 0x0000000086a00000, 0x0000000086900000| Untracked 
| 106|0x0000000086a00000, 0x0000000086b00000, 0x0000000086b00000|100%| O|  |TAMS 0x0000000086a00000, 0x0000000086a00000| Untracked 
| 107|0x0000000086b00000, 0x0000000086c00000, 0x0000000086c00000|100%| O|  |TAMS 0x0000000086b00000, 0x0000000086b00000| Untracked 
| 108|0x0000000086c00000, 0x0000000086d00000, 0x0000000086d00000|100%| O|  |TAMS 0x0000000086c00000, 0x0000000086c00000| Untracked 
| 109|0x0000000086d00000, 0x0000000086e00000, 0x0000000086e00000|100%| O|  |TAMS 0x0000000086d00000, 0x0000000086d00000| Untracked 
| 110|0x0000000086e00000, 0x0000000086edc800, 0x0000000086f00000| 86%| O|  |TAMS 0x0000000086e00000, 0x0000000086e00000| Untracked 
| 111|0x0000000086f00000, 0x0000000086f00000, 0x0000000087000000|  0%| F|  |TAMS 0x0000000086f00000, 0x0000000086f00000| Untracked 
| 112|0x0000000087000000, 0x0000000087000000, 0x0000000087100000|  0%| F|  |TAMS 0x0000000087000000, 0x0000000087000000| Untracked 
| 113|0x0000000087100000, 0x0000000087100000, 0x0000000087200000|  0%| F|  |TAMS 0x0000000087100000, 0x0000000087100000| Untracked 
| 114|0x0000000087200000, 0x0000000087200000, 0x0000000087300000|  0%| F|  |TAMS 0x0000000087200000, 0x0000000087200000| Untracked 
| 115|0x0000000087300000, 0x0000000087300000, 0x0000000087400000|  0%| F|  |TAMS 0x0000000087300000, 0x0000000087300000| Untracked 
| 116|0x0000000087400000, 0x0000000087400000, 0x0000000087500000|  0%| F|  |TAMS 0x0000000087400000, 0x0000000087400000| Untracked 
| 117|0x0000000087500000, 0x0000000087500000, 0x0000000087600000|  0%| F|  |TAMS 0x0000000087500000, 0x0000000087500000| Untracked 
| 118|0x0000000087600000, 0x0000000087600000, 0x0000000087700000|  0%| F|  |TAMS 0x0000000087600000, 0x0000000087600000| Untracked 
| 119|0x0000000087700000, 0x0000000087700000, 0x0000000087800000|  0%| F|  |TAMS 0x0000000087700000, 0x0000000087700000| Untracked 
| 120|0x0000000087800000, 0x0000000087800000, 0x0000000087900000|  0%| F|  |TAMS 0x0000000087800000, 0x0000000087800000| Untracked 
| 121|0x0000000087900000, 0x0000000087900000, 0x0000000087a00000|  0%| F|  |TAMS 0x0000000087900000, 0x0000000087900000| Untracked 
| 122|0x0000000087a00000, 0x0000000087a00000, 0x0000000087b00000|  0%| F|  |TAMS 0x0000000087a00000, 0x0000000087a00000| Untracked 
| 123|0x0000000087b00000, 0x0000000087b00000, 0x0000000087c00000|  0%| F|  |TAMS 0x0000000087b00000, 0x0000000087b00000| Untracked 
| 124|0x0000000087c00000, 0x0000000087c00000, 0x0000000087d00000|  0%| F|  |TAMS 0x0000000087c00000, 0x0000000087c00000| Untracked 
| 125|0x0000000087d00000, 0x0000000087d00000, 0x0000000087e00000|  0%| F|  |TAMS 0x0000000087d00000, 0x0000000087d00000| Untracked 
| 126|0x0000000087e00000, 0x0000000087e00000, 0x0000000087f00000|  0%| F|  |TAMS 0x0000000087e00000, 0x0000000087e00000| Untracked 
| 127|0x0000000087f00000, 0x0000000088000000, 0x0000000088000000|100%| O|  |TAMS 0x0000000088000000, 0x0000000087f00000| Untracked 
| 128|0x0000000088000000, 0x0000000088100000, 0x0000000088100000|100%| O|  |TAMS 0x0000000088100000, 0x0000000088000000| Untracked 
| 129|0x0000000088100000, 0x0000000088200000, 0x0000000088200000|100%| O|  |TAMS 0x0000000088200000, 0x0000000088100000| Untracked 
| 130|0x0000000088200000, 0x0000000088200000, 0x0000000088300000|  0%| F|  |TAMS 0x0000000088200000, 0x0000000088200000| Untracked 
| 131|0x0000000088300000, 0x0000000088400000, 0x0000000088400000|100%| O|  |TAMS 0x0000000088400000, 0x0000000088300000| Untracked 
| 132|0x0000000088400000, 0x0000000088500000, 0x0000000088500000|100%| O|  |TAMS 0x0000000088500000, 0x0000000088400000| Untracked 
| 133|0x0000000088500000, 0x0000000088600000, 0x0000000088600000|100%| O|  |TAMS 0x0000000088600000, 0x0000000088500000| Untracked 
| 134|0x0000000088600000, 0x0000000088700000, 0x0000000088700000|100%| O|  |TAMS 0x0000000088700000, 0x0000000088600000| Untracked 
| 135|0x0000000088700000, 0x0000000088800000, 0x0000000088800000|100%| O|  |TAMS 0x0000000088800000, 0x0000000088700000| Untracked 
| 136|0x0000000088800000, 0x0000000088900000, 0x0000000088900000|100%| O|  |TAMS 0x0000000088900000, 0x0000000088800000| Untracked 
| 137|0x0000000088900000, 0x0000000088a00000, 0x0000000088a00000|100%| O|  |TAMS 0x0000000088a00000, 0x0000000088900000| Untracked 
| 138|0x0000000088a00000, 0x0000000088b00000, 0x0000000088b00000|100%| O|  |TAMS 0x0000000088b00000, 0x0000000088a00000| Untracked 
| 139|0x0000000088b00000, 0x0000000088b00000, 0x0000000088c00000|  0%| F|  |TAMS 0x0000000088b00000, 0x0000000088b00000| Untracked 
| 140|0x0000000088c00000, 0x0000000088c00000, 0x0000000088d00000|  0%| F|  |TAMS 0x0000000088c00000, 0x0000000088c00000| Untracked 
| 141|0x0000000088d00000, 0x0000000088d00000, 0x0000000088e00000|  0%| F|  |TAMS 0x0000000088d00000, 0x0000000088d00000| Untracked 
| 142|0x0000000088e00000, 0x0000000088e00000, 0x0000000088f00000|  0%| F|  |TAMS 0x0000000088e00000, 0x0000000088e00000| Untracked 
| 143|0x0000000088f00000, 0x0000000088f00000, 0x0000000089000000|  0%| F|  |TAMS 0x0000000088f00000, 0x0000000088f00000| Untracked 
| 144|0x0000000089000000, 0x0000000089000000, 0x0000000089100000|  0%| F|  |TAMS 0x0000000089000000, 0x0000000089000000| Untracked 
| 145|0x0000000089100000, 0x0000000089100000, 0x0000000089200000|  0%| F|  |TAMS 0x0000000089100000, 0x0000000089100000| Untracked 
| 146|0x0000000089200000, 0x0000000089200000, 0x0000000089300000|  0%| F|  |TAMS 0x0000000089200000, 0x0000000089200000| Untracked 
| 147|0x0000000089300000, 0x0000000089300000, 0x0000000089400000|  0%| F|  |TAMS 0x0000000089300000, 0x0000000089300000| Untracked 
| 148|0x0000000089400000, 0x0000000089400000, 0x0000000089500000|  0%| F|  |TAMS 0x0000000089400000, 0x0000000089400000| Untracked 
| 149|0x0000000089500000, 0x0000000089500000, 0x0000000089600000|  0%| F|  |TAMS 0x0000000089500000, 0x0000000089500000| Untracked 
| 150|0x0000000089600000, 0x0000000089600000, 0x0000000089700000|  0%| F|  |TAMS 0x0000000089600000, 0x0000000089600000| Untracked 
| 151|0x0000000089700000, 0x0000000089700000, 0x0000000089800000|  0%| F|  |TAMS 0x0000000089700000, 0x0000000089700000| Untracked 
| 152|0x0000000089800000, 0x0000000089800000, 0x0000000089900000|  0%| F|  |TAMS 0x0000000089800000, 0x0000000089800000| Untracked 
| 153|0x0000000089900000, 0x0000000089900000, 0x0000000089a00000|  0%| F|  |TAMS 0x0000000089900000, 0x0000000089900000| Untracked 
| 154|0x0000000089a00000, 0x0000000089a00000, 0x0000000089b00000|  0%| F|  |TAMS 0x0000000089a00000, 0x0000000089a00000| Untracked 
| 155|0x0000000089b00000, 0x0000000089b00000, 0x0000000089c00000|  0%| F|  |TAMS 0x0000000089b00000, 0x0000000089b00000| Untracked 
| 156|0x0000000089c00000, 0x0000000089c00000, 0x0000000089d00000|  0%| F|  |TAMS 0x0000000089c00000, 0x0000000089c00000| Untracked 
| 157|0x0000000089d00000, 0x0000000089d00000, 0x0000000089e00000|  0%| F|  |TAMS 0x0000000089d00000, 0x0000000089d00000| Untracked 
| 158|0x0000000089e00000, 0x0000000089e00000, 0x0000000089f00000|  0%| F|  |TAMS 0x0000000089e00000, 0x0000000089e00000| Untracked 
| 159|0x0000000089f00000, 0x0000000089f00000, 0x000000008a000000|  0%| F|  |TAMS 0x0000000089f00000, 0x0000000089f00000| Untracked 
| 160|0x000000008a000000, 0x000000008a000000, 0x000000008a100000|  0%| F|  |TAMS 0x000000008a000000, 0x000000008a000000| Untracked 
| 161|0x000000008a100000, 0x000000008a100000, 0x000000008a200000|  0%| F|  |TAMS 0x000000008a100000, 0x000000008a100000| Untracked 
| 162|0x000000008a200000, 0x000000008a200000, 0x000000008a300000|  0%| F|  |TAMS 0x000000008a200000, 0x000000008a200000| Untracked 
| 163|0x000000008a300000, 0x000000008a300000, 0x000000008a400000|  0%| F|  |TAMS 0x000000008a300000, 0x000000008a300000| Untracked 
| 164|0x000000008a400000, 0x000000008a400000, 0x000000008a500000|  0%| F|  |TAMS 0x000000008a400000, 0x000000008a400000| Untracked 
| 165|0x000000008a500000, 0x000000008a500000, 0x000000008a600000|  0%| F|  |TAMS 0x000000008a500000, 0x000000008a500000| Untracked 
| 166|0x000000008a600000, 0x000000008a600000, 0x000000008a700000|  0%| F|  |TAMS 0x000000008a600000, 0x000000008a600000| Untracked 
| 167|0x000000008a700000, 0x000000008a700000, 0x000000008a800000|  0%| F|  |TAMS 0x000000008a700000, 0x000000008a700000| Untracked 
| 168|0x000000008a800000, 0x000000008a800000, 0x000000008a900000|  0%| F|  |TAMS 0x000000008a800000, 0x000000008a800000| Untracked 
| 169|0x000000008a900000, 0x000000008a900000, 0x000000008aa00000|  0%| F|  |TAMS 0x000000008a900000, 0x000000008a900000| Untracked 
| 170|0x000000008aa00000, 0x000000008aa00000, 0x000000008ab00000|  0%| F|  |TAMS 0x000000008aa00000, 0x000000008aa00000| Untracked 
| 171|0x000000008ab00000, 0x000000008ab00000, 0x000000008ac00000|  0%| F|  |TAMS 0x000000008ab00000, 0x000000008ab00000| Untracked 
| 172|0x000000008ac00000, 0x000000008ac00000, 0x000000008ad00000|  0%| F|  |TAMS 0x000000008ac00000, 0x000000008ac00000| Untracked 
| 173|0x000000008ad00000, 0x000000008ad00000, 0x000000008ae00000|  0%| F|  |TAMS 0x000000008ad00000, 0x000000008ad00000| Untracked 
| 174|0x000000008ae00000, 0x000000008ae00000, 0x000000008af00000|  0%| F|  |TAMS 0x000000008ae00000, 0x000000008ae00000| Untracked 
| 175|0x000000008af00000, 0x000000008af00000, 0x000000008b000000|  0%| F|  |TAMS 0x000000008af00000, 0x000000008af00000| Untracked 
| 176|0x000000008b000000, 0x000000008b000000, 0x000000008b100000|  0%| F|  |TAMS 0x000000008b000000, 0x000000008b000000| Untracked 
| 177|0x000000008b100000, 0x000000008b100000, 0x000000008b200000|  0%| F|  |TAMS 0x000000008b100000, 0x000000008b100000| Untracked 
| 178|0x000000008b200000, 0x000000008b200000, 0x000000008b300000|  0%| F|  |TAMS 0x000000008b200000, 0x000000008b200000| Untracked 
| 179|0x000000008b300000, 0x000000008b300000, 0x000000008b400000|  0%| F|  |TAMS 0x000000008b300000, 0x000000008b300000| Untracked 
| 180|0x000000008b400000, 0x000000008b400000, 0x000000008b500000|  0%| F|  |TAMS 0x000000008b400000, 0x000000008b400000| Untracked 
| 181|0x000000008b500000, 0x000000008b500000, 0x000000008b600000|  0%| F|  |TAMS 0x000000008b500000, 0x000000008b500000| Untracked 
| 182|0x000000008b600000, 0x000000008b600000, 0x000000008b700000|  0%| F|  |TAMS 0x000000008b600000, 0x000000008b600000| Untracked 
| 183|0x000000008b700000, 0x000000008b700000, 0x000000008b800000|  0%| F|  |TAMS 0x000000008b700000, 0x000000008b700000| Untracked 
| 184|0x000000008b800000, 0x000000008b800000, 0x000000008b900000|  0%| F|  |TAMS 0x000000008b800000, 0x000000008b800000| Untracked 
| 185|0x000000008b900000, 0x000000008b900000, 0x000000008ba00000|  0%| F|  |TAMS 0x000000008b900000, 0x000000008b900000| Untracked 
| 186|0x000000008ba00000, 0x000000008ba00000, 0x000000008bb00000|  0%| F|  |TAMS 0x000000008ba00000, 0x000000008ba00000| Untracked 
| 187|0x000000008bb00000, 0x000000008bb00000, 0x000000008bc00000|  0%| F|  |TAMS 0x000000008bb00000, 0x000000008bb00000| Untracked 
| 188|0x000000008bc00000, 0x000000008bc00000, 0x000000008bd00000|  0%| F|  |TAMS 0x000000008bc00000, 0x000000008bc00000| Untracked 
| 189|0x000000008bd00000, 0x000000008bd00000, 0x000000008be00000|  0%| F|  |TAMS 0x000000008bd00000, 0x000000008bd00000| Untracked 
| 190|0x000000008be00000, 0x000000008be00000, 0x000000008bf00000|  0%| F|  |TAMS 0x000000008be00000, 0x000000008be00000| Untracked 
| 191|0x000000008bf00000, 0x000000008bf00000, 0x000000008c000000|  0%| F|  |TAMS 0x000000008bf00000, 0x000000008bf00000| Untracked 
| 192|0x000000008c000000, 0x000000008c000000, 0x000000008c100000|  0%| F|  |TAMS 0x000000008c000000, 0x000000008c000000| Untracked 
| 193|0x000000008c100000, 0x000000008c100000, 0x000000008c200000|  0%| F|  |TAMS 0x000000008c100000, 0x000000008c100000| Untracked 
| 194|0x000000008c200000, 0x000000008c200000, 0x000000008c300000|  0%| F|  |TAMS 0x000000008c200000, 0x000000008c200000| Untracked 
| 195|0x000000008c300000, 0x000000008c300000, 0x000000008c400000|  0%| F|  |TAMS 0x000000008c300000, 0x000000008c300000| Untracked 
| 196|0x000000008c400000, 0x000000008c400000, 0x000000008c500000|  0%| F|  |TAMS 0x000000008c400000, 0x000000008c400000| Untracked 
| 197|0x000000008c500000, 0x000000008c500000, 0x000000008c600000|  0%| F|  |TAMS 0x000000008c500000, 0x000000008c500000| Untracked 
| 198|0x000000008c600000, 0x000000008c600000, 0x000000008c700000|  0%| F|  |TAMS 0x000000008c600000, 0x000000008c600000| Untracked 
| 199|0x000000008c700000, 0x000000008c700000, 0x000000008c800000|  0%| F|  |TAMS 0x000000008c700000, 0x000000008c700000| Untracked 
| 200|0x000000008c800000, 0x000000008c800000, 0x000000008c900000|  0%| F|  |TAMS 0x000000008c800000, 0x000000008c800000| Untracked 
| 201|0x000000008c900000, 0x000000008c900000, 0x000000008ca00000|  0%| F|  |TAMS 0x000000008c900000, 0x000000008c900000| Untracked 
| 202|0x000000008ca00000, 0x000000008ca00000, 0x000000008cb00000|  0%| F|  |TAMS 0x000000008ca00000, 0x000000008ca00000| Untracked 
| 203|0x000000008cb00000, 0x000000008cb00000, 0x000000008cc00000|  0%| F|  |TAMS 0x000000008cb00000, 0x000000008cb00000| Untracked 
| 204|0x000000008cc00000, 0x000000008cc00000, 0x000000008cd00000|  0%| F|  |TAMS 0x000000008cc00000, 0x000000008cc00000| Untracked 
| 205|0x000000008cd00000, 0x000000008cd00000, 0x000000008ce00000|  0%| F|  |TAMS 0x000000008cd00000, 0x000000008cd00000| Untracked 
| 206|0x000000008ce00000, 0x000000008ce00000, 0x000000008cf00000|  0%| F|  |TAMS 0x000000008ce00000, 0x000000008ce00000| Untracked 
| 207|0x000000008cf00000, 0x000000008cf00000, 0x000000008d000000|  0%| F|  |TAMS 0x000000008cf00000, 0x000000008cf00000| Untracked 
| 208|0x000000008d000000, 0x000000008d000000, 0x000000008d100000|  0%| F|  |TAMS 0x000000008d000000, 0x000000008d000000| Untracked 
| 209|0x000000008d100000, 0x000000008d147490, 0x000000008d200000| 27%| E|  |TAMS 0x000000008d100000, 0x000000008d100000| Complete 
| 210|0x000000008d200000, 0x000000008d300000, 0x000000008d300000|100%| E|CS|TAMS 0x000000008d200000, 0x000000008d200000| Complete 
| 211|0x000000008d300000, 0x000000008d400000, 0x000000008d400000|100%| E|CS|TAMS 0x000000008d300000, 0x000000008d300000| Complete 
| 212|0x000000008d400000, 0x000000008d500000, 0x000000008d500000|100%| S|CS|TAMS 0x000000008d400000, 0x000000008d400000| Complete 
| 213|0x000000008d500000, 0x000000008d600000, 0x000000008d600000|100%| S|CS|TAMS 0x000000008d500000, 0x000000008d500000| Complete 
| 214|0x000000008d600000, 0x000000008d700000, 0x000000008d700000|100%| E|CS|TAMS 0x000000008d600000, 0x000000008d600000| Complete 
| 215|0x000000008d700000, 0x000000008d800000, 0x000000008d800000|100%| E|CS|TAMS 0x000000008d700000, 0x000000008d700000| Complete 
| 216|0x000000008d800000, 0x000000008d900000, 0x000000008d900000|100%| E|CS|TAMS 0x000000008d800000, 0x000000008d800000| Complete 
| 217|0x000000008d900000, 0x000000008da00000, 0x000000008da00000|100%| E|CS|TAMS 0x000000008d900000, 0x000000008d900000| Complete 
| 218|0x000000008da00000, 0x000000008db00000, 0x000000008db00000|100%| E|CS|TAMS 0x000000008da00000, 0x000000008da00000| Complete 
| 219|0x000000008db00000, 0x000000008dc00000, 0x000000008dc00000|100%| E|CS|TAMS 0x000000008db00000, 0x000000008db00000| Complete 

Card table byte_map: [0x0000022799f70000,0x000002279a370000] _byte_map_base: 0x0000022799b70000

Marking Bits (Prev, Next): (CMBitMap*) 0x0000022786a2b8f8, (CMBitMap*) 0x0000022786a2b930
 Prev Bits: [0x000002279a770000, 0x000002279c770000)
 Next Bits: [0x000002279c770000, 0x000002279e770000)

Polling page: 0x0000022786ad0000

Metaspace:

Usage:
  Non-class:    107.31 MB capacity,   105.37 MB ( 98%) used,     1.52 MB (  1%) free+waste,   419.38 KB ( <1%) overhead. 
      Class:     16.16 MB capacity,    14.92 MB ( 92%) used,     1.06 MB (  7%) free+waste,   181.69 KB (  1%) overhead. 
       Both:    123.47 MB capacity,   120.30 MB ( 97%) used,     2.59 MB (  2%) free+waste,   601.06 KB ( <1%) overhead. 

Virtual space:
  Non-class space:      108.00 MB reserved,     107.63 MB (>99%) committed 
      Class space:        1.00 GB reserved,      16.45 MB (  2%) committed 
             Both:        1.11 GB reserved,     124.08 MB ( 11%) committed 

Chunk freelists:
   Non-Class:  201.00 KB
       Class:  248.00 KB
        Both:  449.00 KB

MaxMetaspaceSize: 17179869184.00 GB
CompressedClassSpaceSize: 1.00 GB
Initial GC threshold: 20.80 MB
Current GC threshold: 205.13 MB
CDS: off

CodeHeap 'non-profiled nmethods': size=120064Kb used=11887Kb max_used=11887Kb free=108176Kb
 bounds [0x0000022791ff0000, 0x0000022792b90000, 0x0000022799530000]
CodeHeap 'profiled nmethods': size=120000Kb used=47105Kb max_used=47105Kb free=72894Kb
 bounds [0x000002278aac0000, 0x000002278d8d0000, 0x0000022791ff0000]
CodeHeap 'non-nmethods': size=5696Kb used=2447Kb max_used=2527Kb free=3248Kb
 bounds [0x000002278a530000, 0x000002278a7b0000, 0x000002278aac0000]
 total_blobs=21550 nmethods=20573 adapters=888
 compilation: enabled
              stopped_count=0, restarted_count=0
 full_count=0

Compilation events (20 events):
Event: 165.171 Thread 0x00000227a0dfe800 21908       3       org.gradle.api.internal.artifacts.ivyservice.resolveengine.graph.selectors.SelectorStateResolverResults::<init> (18 bytes)
Event: 165.171 Thread 0x00000227a0dfe800 nmethod 21908 0x000002278d8b2510 code [0x000002278d8b2700, 0x000002278d8b2a58]
Event: 165.171 Thread 0x00000227a0dfe800 21909       3       org.gradle.api.internal.artifacts.ivyservice.resolveengine.graph.selectors.SelectorStateResolver::integratePreferResults (77 bytes)
Event: 165.172 Thread 0x00000227a0dfe800 nmethod 21909 0x000002278d8b2b90 code [0x000002278d8b2e60, 0x000002278d8b3dc8]
Event: 165.172 Thread 0x00000227a0dfe800 21910       3       org.gradle.api.internal.artifacts.ivyservice.resolveengine.graph.selectors.SelectorStateResolverResults::getResolved (176 bytes)
Event: 165.174 Thread 0x00000227a0dfe800 nmethod 21910 0x000002278d8b4290 code [0x000002278d8b45a0, 0x000002278d8b57e8]
Event: 165.174 Thread 0x00000227a0dfe800 21911       3       org.gradle.api.internal.artifacts.ivyservice.resolveengine.graph.selectors.SelectorStateResolverResults::hasSoftForce (50 bytes)
Event: 165.174 Thread 0x00000227a0dfe800 nmethod 21911 0x000002278d8b5d90 code [0x000002278d8b5fa0, 0x000002278d8b6598]
Event: 165.174 Thread 0x00000227a0dfe800 21912       1       org.gradle.api.internal.artifacts.ivyservice.resolveengine.graph.conflicts.DefaultConflictResolverDetails::getCandidates (5 bytes)
Event: 165.174 Thread 0x00000227a0dfe800 nmethod 21912 0x0000022792b8b110 code [0x0000022792b8b2c0, 0x0000022792b8b378]
Event: 165.174 Thread 0x00000227a0dfe800 21913       1       org.gradle.api.internal.artifacts.ivyservice.resolveengine.graph.conflicts.DefaultConflictResolverDetails::select (6 bytes)
Event: 165.175 Thread 0x00000227a0dfe800 nmethod 21913 0x0000022792b8b410 code [0x0000022792b8b5c0, 0x0000022792b8b6b8]
Event: 165.175 Thread 0x00000227a0dfe800 21914       1       org.gradle.api.internal.artifacts.ivyservice.resolveengine.graph.conflicts.CompositeConflictResolver$CompositeDetails::access$100 (5 bytes)
Event: 165.175 Thread 0x00000227a0dfe800 nmethod 21914 0x0000022792b8b710 code [0x0000022792b8b8c0, 0x0000022792b8b958]
Event: 165.175 Thread 0x00000227a0dfe800 21915       1       org.gradle.api.internal.artifacts.ivyservice.resolveengine.graph.conflicts.DefaultConflictResolverDetails::getSelected (5 bytes)
Event: 165.175 Thread 0x00000227a0dfe800 nmethod 21915 0x0000022792b8ba10 code [0x0000022792b8bbc0, 0x0000022792b8bc78]
Event: 165.177 Thread 0x00000227a0dfe800 21916       3       org.gradle.api.internal.artifacts.ivyservice.resolveengine.graph.conflicts.DefaultConflictHandler::registerCandidate (53 bytes)
Event: 165.178 Thread 0x00000227a0dfe800 nmethod 21916 0x000002278d8b6790 code [0x000002278d8b69e0, 0x000002278d8b70c8]
Event: 165.180 Thread 0x00000227a0dfe800 21917       2       java.util.Collections::binarySearch (43 bytes)
Event: 165.181 Thread 0x00000227a0dfe800 nmethod 21917 0x000002278d8b7410 code [0x000002278d8b7620, 0x000002278d8b78f8]

GC Heap History (20 events):
Event: 60.861 GC heap before
{Heap before GC invocations=40 (full 0):
 garbage-first heap   total 225280K, used 143995K [0x0000000080000000, 0x0000000100000000)
  region size 1024K, 11 young (11264K), 7 survivors (7168K)
 Metaspace       used 110438K, capacity 113188K, committed 113360K, reserved 1148928K
  class space    used 13823K, capacity 14864K, committed 14924K, reserved 1048576K
}
Event: 60.882 GC heap after
{Heap after GC invocations=41 (full 0):
 garbage-first heap   total 225280K, used 134881K [0x0000000080000000, 0x0000000100000000)
  region size 1024K, 1 young (1024K), 1 survivors (1024K)
 Metaspace       used 110438K, capacity 113188K, committed 113360K, reserved 1148928K
  class space    used 13823K, capacity 14864K, committed 14924K, reserved 1048576K
}
Event: 62.199 GC heap before
{Heap before GC invocations=41 (full 0):
 garbage-first heap   total 225280K, used 183009K [0x0000000080000000, 0x0000000100000000)
  region size 1024K, 48 young (49152K), 1 survivors (1024K)
 Metaspace       used 115872K, capacity 119112K, committed 119376K, reserved 1153024K
  class space    used 14685K, capacity 15982K, committed 16076K, reserved 1048576K
}
Event: 62.215 GC heap after
{Heap after GC invocations=42 (full 0):
 garbage-first heap   total 225280K, used 137387K [0x0000000080000000, 0x0000000100000000)
  region size 1024K, 4 young (4096K), 4 survivors (4096K)
 Metaspace       used 115872K, capacity 119112K, committed 119376K, reserved 1153024K
  class space    used 14685K, capacity 15982K, committed 16076K, reserved 1048576K
}
Event: 63.545 GC heap before
{Heap before GC invocations=43 (full 0):
 garbage-first heap   total 225280K, used 179371K [0x0000000080000000, 0x0000000100000000)
  region size 1024K, 51 young (52224K), 4 survivors (4096K)
 Metaspace       used 117667K, capacity 120807K, committed 121040K, reserved 1155072K
  class space    used 14795K, capacity 16073K, committed 16204K, reserved 1048576K
}
Event: 63.557 GC heap after
{Heap after GC invocations=44 (full 0):
 garbage-first heap   total 225280K, used 131641K [0x0000000080000000, 0x0000000100000000)
  region size 1024K, 4 young (4096K), 4 survivors (4096K)
 Metaspace       used 117667K, capacity 120807K, committed 121040K, reserved 1155072K
  class space    used 14795K, capacity 16073K, committed 16204K, reserved 1048576K
}
Event: 63.643 GC heap before
{Heap before GC invocations=44 (full 0):
 garbage-first heap   total 225280K, used 138809K [0x0000000080000000, 0x0000000100000000)
  region size 1024K, 11 young (11264K), 4 survivors (4096K)
 Metaspace       used 117875K, capacity 121025K, committed 121296K, reserved 1155072K
  class space    used 14816K, capacity 16123K, committed 16204K, reserved 1048576K
}
Event: 63.658 GC heap after
{Heap after GC invocations=45 (full 0):
 garbage-first heap   total 225280K, used 125010K [0x0000000080000000, 0x0000000100000000)
  region size 1024K, 2 young (2048K), 2 survivors (2048K)
 Metaspace       used 117875K, capacity 121025K, committed 121296K, reserved 1155072K
  class space    used 14816K, capacity 16123K, committed 16204K, reserved 1048576K
}
Event: 64.620 GC heap before
{Heap before GC invocations=45 (full 0):
 garbage-first heap   total 225280K, used 183378K [0x0000000080000000, 0x0000000100000000)
  region size 1024K, 58 young (59392K), 2 survivors (2048K)
 Metaspace       used 118853K, capacity 122128K, committed 122448K, reserved 1155072K
  class space    used 14905K, capacity 16236K, committed 16332K, reserved 1048576K
}
Event: 64.632 GC heap after
{Heap after GC invocations=46 (full 0):
 garbage-first heap   total 225280K, used 126789K [0x0000000080000000, 0x0000000100000000)
  region size 1024K, 3 young (3072K), 3 survivors (3072K)
 Metaspace       used 118853K, capacity 122128K, committed 122448K, reserved 1155072K
  class space    used 14905K, capacity 16236K, committed 16332K, reserved 1048576K
}
Event: 65.276 GC heap before
{Heap before GC invocations=46 (full 0):
 garbage-first heap   total 225280K, used 184133K [0x0000000080000000, 0x0000000100000000)
  region size 1024K, 60 young (61440K), 3 survivors (3072K)
 Metaspace       used 119179K, capacity 122445K, committed 122704K, reserved 1155072K
  class space    used 14925K, capacity 16246K, committed 16332K, reserved 1048576K
}
Event: 65.283 GC heap after
{Heap after GC invocations=47 (full 0):
 garbage-first heap   total 225280K, used 124843K [0x0000000080000000, 0x0000000100000000)
  region size 1024K, 2 young (2048K), 2 survivors (2048K)
 Metaspace       used 119179K, capacity 122445K, committed 122704K, reserved 1155072K
  class space    used 14925K, capacity 16246K, committed 16332K, reserved 1048576K
}
Event: 67.150 GC heap before
{Heap before GC invocations=47 (full 0):
 garbage-first heap   total 225280K, used 187307K [0x0000000080000000, 0x0000000100000000)
  region size 1024K, 63 young (64512K), 2 survivors (2048K)
 Metaspace       used 122062K, capacity 125532K, committed 125776K, reserved 1159168K
  class space    used 15304K, capacity 16718K, committed 16844K, reserved 1048576K
}
Event: 67.158 GC heap after
{Heap after GC invocations=48 (full 0):
 garbage-first heap   total 225280K, used 126100K [0x0000000080000000, 0x0000000100000000)
  region size 1024K, 3 young (3072K), 3 survivors (3072K)
 Metaspace       used 122062K, capacity 125532K, committed 125776K, reserved 1159168K
  class space    used 15304K, capacity 16718K, committed 16844K, reserved 1048576K
}
Event: 67.227 GC heap before
{Heap before GC invocations=48 (full 0):
 garbage-first heap   total 225280K, used 139412K [0x0000000080000000, 0x0000000100000000)
  region size 1024K, 5 young (5120K), 3 survivors (3072K)
 Metaspace       used 122210K, capacity 125600K, committed 125776K, reserved 1159168K
  class space    used 15325K, capacity 16719K, committed 16844K, reserved 1048576K
}
Event: 67.235 GC heap after
{Heap after GC invocations=49 (full 0):
 garbage-first heap   total 225280K, used 134391K [0x0000000080000000, 0x0000000100000000)
  region size 1024K, 3 young (3072K), 3 survivors (3072K)
 Metaspace       used 122210K, capacity 125600K, committed 125776K, reserved 1159168K
  class space    used 15325K, capacity 16719K, committed 16844K, reserved 1048576K
}
Event: 164.372 GC heap before
{Heap before GC invocations=50 (full 0):
 garbage-first heap   total 225280K, used 180471K [0x0000000080000000, 0x0000000100000000)
  region size 1024K, 45 young (46080K), 3 survivors (3072K)
 Metaspace       used 122885K, capacity 126166K, committed 126800K, reserved 1159168K
  class space    used 15273K, capacity 16538K, committed 16844K, reserved 1048576K
}
Event: 164.397 GC heap after
{Heap after GC invocations=51 (full 0):
 garbage-first heap   total 225280K, used 126535K [0x0000000080000000, 0x0000000100000000)
  region size 1024K, 5 young (5120K), 5 survivors (5120K)
 Metaspace       used 122885K, capacity 126166K, committed 126800K, reserved 1159168K
  class space    used 15273K, capacity 16538K, committed 16844K, reserved 1048576K
}
Event: 164.986 GC heap before
{Heap before GC invocations=51 (full 0):
 garbage-first heap   total 225280K, used 132679K [0x0000000080000000, 0x0000000100000000)
  region size 1024K, 11 young (11264K), 5 survivors (5120K)
 Metaspace       used 123101K, capacity 126395K, committed 127056K, reserved 1159168K
  class space    used 15275K, capacity 16542K, committed 16844K, reserved 1048576K
}
Event: 165.019 GC heap after
{Heap after GC invocations=52 (full 0):
 garbage-first heap   total 225280K, used 124786K [0x0000000080000000, 0x0000000100000000)
  region size 1024K, 2 young (2048K), 2 survivors (2048K)
 Metaspace       used 123101K, capacity 126395K, committed 127056K, reserved 1159168K
  class space    used 15275K, capacity 16542K, committed 16844K, reserved 1048576K
}

Deoptimization events (20 events):
Event: 162.922 Thread 0x00000227a6194000 DEOPT PACKING pc=0x000002279246296c sp=0x000000b2c6cf8d00
Event: 162.922 Thread 0x00000227a6194000 DEOPT UNPACKING pc=0x000002278a57a1af sp=0x000000b2c6cf8ca8 mode 2
Event: 163.533 Thread 0x00000227a6194000 Uncommon trap: trap_request=0xffffff4d fr.pc=0x00000227926a11fc relative=0x000000000000005c
Event: 163.533 Thread 0x00000227a6194000 Uncommon trap: reason=unstable_if action=reinterpret pc=0x00000227926a11fc method=com.google.common.collect.ImmutableSet$RegularSetBuilderImpl.ensureTableCapacity(I)V @ 5 c2
Event: 163.533 Thread 0x00000227a6194000 DEOPT PACKING pc=0x00000227926a11fc sp=0x000000b2c6cf7160
Event: 163.533 Thread 0x00000227a6194000 DEOPT UNPACKING pc=0x000002278a57a1af sp=0x000000b2c6cf70f0 mode 2
Event: 163.566 Thread 0x00000227a6191800 Uncommon trap: trap_request=0xffffff4d fr.pc=0x0000022792aff964 relative=0x0000000000002624
Event: 163.566 Thread 0x00000227a6191800 Uncommon trap: reason=unstable_if action=reinterpret pc=0x0000022792aff964 method=java.io.ObjectOutputStream.writeOrdinaryObject(Ljava/lang/Object;Ljava/io/ObjectStreamClass;Z)V @ 113 c2
Event: 163.566 Thread 0x00000227a6191800 DEOPT PACKING pc=0x0000022792aff964 sp=0x000000b2c6ffe320
Event: 163.566 Thread 0x00000227a6191800 DEOPT UNPACKING pc=0x000002278a57a1af sp=0x000000b2c6ffe270 mode 2
Event: 164.493 Thread 0x00000227a6194000 DEOPT PACKING pc=0x000002278d43f736 sp=0x000000b2c6cf9320
Event: 164.493 Thread 0x00000227a6194000 DEOPT UNPACKING pc=0x000002278a57a95e sp=0x000000b2c6cf87e0 mode 0
Event: 164.939 Thread 0x00000227a6194000 DEOPT PACKING pc=0x000002278baf6bbd sp=0x000000b2c6cf8c90
Event: 164.939 Thread 0x00000227a6194000 DEOPT UNPACKING pc=0x000002278a57a95e sp=0x000000b2c6cf8158 mode 0
Event: 164.968 Thread 0x00000227a6194000 DEOPT PACKING pc=0x000002278bb4eec7 sp=0x000000b2c6cf94d0
Event: 164.968 Thread 0x00000227a6194000 DEOPT UNPACKING pc=0x000002278a57a95e sp=0x000000b2c6cf8978 mode 0
Event: 165.066 Thread 0x00000227a6194000 Uncommon trap: trap_request=0xffffffde fr.pc=0x000002279244ec78 relative=0x00000000000000b8
Event: 165.066 Thread 0x00000227a6194000 Uncommon trap: reason=class_check action=maybe_recompile pc=0x000002279244ec78 method=java.util.stream.ReferencePipeline$4$1.accept(Ljava/lang/Object;)V @ 12 c2
Event: 165.066 Thread 0x00000227a6194000 DEOPT PACKING pc=0x000002279244ec78 sp=0x000000b2c6cfb310
Event: 165.066 Thread 0x00000227a6194000 DEOPT UNPACKING pc=0x000002278a57a1af sp=0x000000b2c6cfb290 mode 2

Classes redefined (0 events):
No events

Internal exceptions (20 events):
Event: 66.313 Thread 0x00000227a39ab800 Exception <a 'sun/nio/fs/WindowsException'{0x000000008b2f6f10}> (0x000000008b2f6f10) thrown at [./src/hotspot/share/prims/jni.cpp, line 616]
Event: 66.328 Thread 0x00000227a39b6000 Exception <a 'sun/nio/fs/WindowsException'{0x000000008b0de148}> (0x000000008b0de148) thrown at [./src/hotspot/share/prims/jni.cpp, line 616]
Event: 66.650 Thread 0x00000227a39b2800 Exception <a 'sun/nio/fs/WindowsException'{0x000000008aa86948}> (0x000000008aa86948) thrown at [./src/hotspot/share/prims/jni.cpp, line 616]
Event: 66.665 Thread 0x00000227a39b2800 Implicit null exception at 0x00000227921394c8 to 0x000002279213befc
Event: 66.767 Thread 0x00000227a39b2800 Exception <a 'java/lang/NoSuchMethodError'{0x000000008a93a4d0}: 'java.lang.Object java.lang.invoke.DirectMethodHandle$Holder.invokeStatic(java.lang.Object, java.lang.Object, java.lang.Object, java.lang.Object, java.lang.Object, int, java.lang.Object)'> (0x000000008a93a4d0) thrown at [./src/hotspot/share/interpreter/linkResolver.cpp, line 773]
Event: 66.904 Thread 0x00000227a39b2800 Exception <a 'java/lang/NoSuchMethodError'{0x000000008a52bb08}: 'java.lang.Object java.lang.invoke.DirectMethodHandle$Holder.invokeStatic(java.lang.Object, java.lang.Object, java.lang.Object, java.lang.Object, java.lang.Object, java.lang.Object, java.lang.Object, int)'> (0x000000008a52bb08) thrown at [./src/hotspot/share/interpreter/linkResolver.cpp, line 773]
Event: 66.904 Thread 0x00000227a39b2800 Exception <a 'java/lang/NoSuchMethodError'{0x000000008a530128}: 'java.lang.Object java.lang.invoke.DirectMethodHandle$Holder.invokeSpecial(java.lang.Object, java.lang.Object, java.lang.Object, java.lang.Object, java.lang.Object, java.lang.Object, java.lang.Object, java.lang.Object, int)'> (0x000000008a530128) thrown at [./src/hotspot/share/interpreter/linkResolver.cpp, line 773]
Event: 66.905 Thread 0x00000227a39b2800 Exception <a 'java/lang/NoSuchMethodError'{0x000000008a5340b0}: 'java.lang.Object java.lang.invoke.Invokers$Holder.linkToTargetMethod(java.lang.Object, java.lang.Object, java.lang.Object, java.lang.Object, java.lang.Object, java.lang.Object, int, java.lang.Object)'> (0x000000008a5340b0) thrown at [./src/hotspot/share/interpreter/linkResolver.cpp, line 773]
Event: 68.026 Thread 0x00000227a2b53800 Exception <a 'sun/nio/fs/WindowsException'{0x000000008d52cc00}> (0x000000008d52cc00) thrown at [./src/hotspot/share/prims/jni.cpp, line 616]
Event: 68.026 Thread 0x00000227a2b53800 Exception <a 'sun/nio/fs/WindowsException'{0x000000008d52cc80}> (0x000000008d52cc80) thrown at [./src/hotspot/share/prims/jni.cpp, line 616]
Event: 68.026 Thread 0x00000227a2b53800 Exception <a 'sun/nio/fs/WindowsException'{0x000000008d52e6f0}> (0x000000008d52e6f0) thrown at [./src/hotspot/share/prims/jni.cpp, line 616]
Event: 68.133 Thread 0x00000227a2b53800 Exception <a 'java/lang/NoSuchMethodError'{0x000000008d366318}: 'java.lang.Object java.lang.invoke.DirectMethodHandle$Holder.invokeSpecial(java.lang.Object, java.lang.Object, java.lang.Object, java.lang.Object, int, java.lang.Object, java.lang.Object)'> (0x000000008d366318) thrown at [./src/hotspot/share/interpreter/linkResolver.cpp, line 773]
Event: 73.640 Thread 0x00000227a2a8a000 Implicit null exception at 0x0000022792302977 to 0x0000022792302f44
Event: 73.641 Thread 0x00000227a2a8a000 Implicit null exception at 0x00000227922c83f4 to 0x00000227922c89e8
Event: 163.936 Thread 0x00000227a6194000 Exception <a 'sun/nio/fs/WindowsException'{0x000000008b12ea10}> (0x000000008b12ea10) thrown at [./src/hotspot/share/prims/jni.cpp, line 616]
Event: 164.885 Thread 0x00000227a6194000 Exception <a 'sun/nio/fs/WindowsException'{0x000000008d750e30}> (0x000000008d750e30) thrown at [./src/hotspot/share/prims/jni.cpp, line 616]
Event: 164.912 Thread 0x00000227a6194000 Exception <a 'sun/nio/fs/WindowsException'{0x000000008d7f6158}> (0x000000008d7f6158) thrown at [./src/hotspot/share/prims/jni.cpp, line 616]
Event: 164.912 Thread 0x00000227a6194000 Exception <a 'sun/nio/fs/WindowsException'{0x000000008d7f74d0}> (0x000000008d7f74d0) thrown at [./src/hotspot/share/prims/jni.cpp, line 616]
Event: 164.912 Thread 0x00000227a6194000 Exception <a 'sun/nio/fs/WindowsException'{0x000000008d7f8ae8}> (0x000000008d7f8ae8) thrown at [./src/hotspot/share/prims/jni.cpp, line 616]
Event: 164.912 Thread 0x00000227a6194000 Exception <a 'sun/nio/fs/WindowsException'{0x000000008d7f9eb0}> (0x000000008d7f9eb0) thrown at [./src/hotspot/share/prims/jni.cpp, line 616]

Events (20 events):
Event: 165.097 Executing VM operation: RevokeBias
Event: 165.097 Executing VM operation: RevokeBias done
Event: 165.097 Executing VM operation: RevokeBias
Event: 165.097 Executing VM operation: RevokeBias done
Event: 165.097 Executing VM operation: RevokeBias
Event: 165.097 Executing VM operation: RevokeBias done
Event: 165.097 Executing VM operation: RevokeBias
Event: 165.097 Executing VM operation: RevokeBias done
Event: 165.108 Executing VM operation: RevokeBias
Event: 165.109 Executing VM operation: RevokeBias done
Event: 165.109 Executing VM operation: RevokeBias
Event: 165.110 Executing VM operation: RevokeBias done
Event: 165.110 Executing VM operation: RevokeBias
Event: 165.110 Executing VM operation: RevokeBias done
Event: 165.111 Executing VM operation: RevokeBias
Event: 165.112 Executing VM operation: RevokeBias done
Event: 165.113 Executing VM operation: RevokeBias
Event: 165.114 Executing VM operation: RevokeBias done
Event: 165.117 Executing VM operation: RevokeBias
Event: 165.118 Executing VM operation: RevokeBias done


Dynamic libraries:
0x00007ff766f90000 - 0x00007ff766f9a000 	C:\Program Files\Android\Android Studio\jre\bin\java.exe
0x00007ffdbea30000 - 0x00007ffdbec28000 	C:\WINDOWS\SYSTEM32\ntdll.dll
0x00007ffdbdbd0000 - 0x00007ffdbdc8d000 	C:\WINDOWS\System32\KERNEL32.DLL
0x00007ffdbc7b0000 - 0x00007ffdbca82000 	C:\WINDOWS\System32\KERNELBASE.dll
0x00007ffdbc310000 - 0x00007ffdbc410000 	C:\WINDOWS\System32\ucrtbase.dll
0x00007ffdb3500000 - 0x00007ffdb3517000 	C:\Program Files\Android\Android Studio\jre\bin\VCRUNTIME140.dll
0x00007ffdb3470000 - 0x00007ffdb3489000 	C:\Program Files\Android\Android Studio\jre\bin\jli.dll
0x00007ffdbe850000 - 0x00007ffdbe9ed000 	C:\WINDOWS\System32\USER32.dll
0x00007ffdbc490000 - 0x00007ffdbc4b2000 	C:\WINDOWS\System32\win32u.dll
0x00007ffda9620000 - 0x00007ffda98ba000 	C:\WINDOWS\WinSxS\amd64_microsoft.windows.common-controls_6595b64144ccf1df_6.0.19041.1110_none_60b5254171f9507e\COMCTL32.dll
0x00007ffdbdf30000 - 0x00007ffdbdfce000 	C:\WINDOWS\System32\msvcrt.dll
0x00007ffdbe7b0000 - 0x00007ffdbe7db000 	C:\WINDOWS\System32\GDI32.dll
0x00007ffdbc6a0000 - 0x00007ffdbc7af000 	C:\WINDOWS\System32\gdi32full.dll
0x00007ffdbc4c0000 - 0x00007ffdbc55d000 	C:\WINDOWS\System32\msvcp_win.dll
0x00007ffdbe650000 - 0x00007ffdbe680000 	C:\WINDOWS\System32\IMM32.DLL
0x00007ffd95db0000 - 0x00007ffd95e4d000 	C:\Program Files\Android\Android Studio\jre\bin\msvcp140.dll
0x00007ffd352e0000 - 0x00007ffd35de2000 	C:\Program Files\Android\Android Studio\jre\bin\server\jvm.dll
0x00007ffdbd970000 - 0x00007ffdbda1e000 	C:\WINDOWS\System32\ADVAPI32.dll
0x00007ffdbd810000 - 0x00007ffdbd8ac000 	C:\WINDOWS\System32\sechost.dll
0x00007ffdbe680000 - 0x00007ffdbe7a5000 	C:\WINDOWS\System32\RPCRT4.dll
0x00007ffdbe100000 - 0x00007ffdbe108000 	C:\WINDOWS\System32\PSAPI.DLL
0x00007ffda62e0000 - 0x00007ffda62e9000 	C:\WINDOWS\SYSTEM32\WSOCK32.dll
0x00007ffda6ea0000 - 0x00007ffda6ec7000 	C:\WINDOWS\SYSTEM32\WINMM.dll
0x00007ffdbe7e0000 - 0x00007ffdbe84b000 	C:\WINDOWS\System32\WS2_32.dll
0x00007ffdb3420000 - 0x00007ffdb342a000 	C:\WINDOWS\SYSTEM32\VERSION.dll
0x00007ffdba990000 - 0x00007ffdba9a2000 	C:\WINDOWS\SYSTEM32\kernel.appcore.dll
0x00007ffdb68c0000 - 0x00007ffdb68d1000 	C:\Program Files\Android\Android Studio\jre\bin\verify.dll
0x00007ffdb9ef0000 - 0x00007ffdba0d4000 	C:\WINDOWS\SYSTEM32\DBGHELP.DLL
0x00007ffda2250000 - 0x00007ffda227c000 	C:\WINDOWS\SYSTEM32\dbgcore.DLL
0x00007ffdbc560000 - 0x00007ffdbc5e2000 	C:\WINDOWS\System32\bcryptPrimitives.dll
0x00007ffdb6890000 - 0x00007ffdb68b9000 	C:\Program Files\Android\Android Studio\jre\bin\java.dll
0x00007ffdb6880000 - 0x00007ffdb688b000 	C:\Program Files\Android\Android Studio\jre\bin\jimage.dll
0x00007ffdb67c0000 - 0x00007ffdb67d8000 	C:\Program Files\Android\Android Studio\jre\bin\zip.dll
0x00007ffdbca90000 - 0x00007ffdbd1d3000 	C:\WINDOWS\System32\SHELL32.dll
0x00007ffdba1e0000 - 0x00007ffdba971000 	C:\WINDOWS\SYSTEM32\windows.storage.dll
0x00007ffdbe140000 - 0x00007ffdbe494000 	C:\WINDOWS\System32\combase.dll
0x00007ffdbbb30000 - 0x00007ffdbbb60000 	C:\WINDOWS\SYSTEM32\Wldp.dll
0x00007ffdbd760000 - 0x00007ffdbd80d000 	C:\WINDOWS\System32\SHCORE.dll
0x00007ffdbda20000 - 0x00007ffdbda75000 	C:\WINDOWS\System32\shlwapi.dll
0x00007ffdbc080000 - 0x00007ffdbc09f000 	C:\WINDOWS\SYSTEM32\profapi.dll
0x00007ffdb3c90000 - 0x00007ffdb3caa000 	C:\Program Files\Android\Android Studio\jre\bin\net.dll
0x00007ffda93a0000 - 0x00007ffda94ad000 	C:\WINDOWS\SYSTEM32\WINHTTP.dll
0x00007ffdbb820000 - 0x00007ffdbb88a000 	C:\WINDOWS\system32\mswsock.dll
0x00007ffdb3c70000 - 0x00007ffdb3c84000 	C:\Program Files\Android\Android Studio\jre\bin\nio.dll
0x00007ffdb5740000 - 0x00007ffdb5767000 	C:\Users\yusuf\.gradle\native\e1d6ef7f7dcc3fd88c89a11ec53ec762bb8ba0a96d01ffa2cd45eb1d1d8dd5c5\windows-amd64\native-platform.dll
0x00007ffd93280000 - 0x00007ffd933c4000 	C:\Users\yusuf\.gradle\native\0d407fdbe67a94daf76414ababcb853783967236a71b16ec16e742cd7a986fd3\windows-amd64\native-platform-file-events.dll
0x00007ffdb6870000 - 0x00007ffdb687a000 	C:\Program Files\Android\Android Studio\jre\bin\management.dll
0x00007ffdb6810000 - 0x00007ffdb681d000 	C:\Program Files\Android\Android Studio\jre\bin\management_ext.dll
0x00007ffdbba20000 - 0x00007ffdbba38000 	C:\WINDOWS\SYSTEM32\CRYPTSP.dll
0x00007ffdbb140000 - 0x00007ffdbb174000 	C:\WINDOWS\system32\rsaenh.dll
0x00007ffdbc410000 - 0x00007ffdbc437000 	C:\WINDOWS\System32\bcrypt.dll
0x00007ffdbc000000 - 0x00007ffdbc02e000 	C:\WINDOWS\SYSTEM32\USERENV.dll
0x00007ffdbba10000 - 0x00007ffdbba1c000 	C:\WINDOWS\SYSTEM32\CRYPTBASE.dll
0x00007ffdbb510000 - 0x00007ffdbb54b000 	C:\WINDOWS\SYSTEM32\IPHLPAPI.DLL
0x00007ffdbe130000 - 0x00007ffdbe138000 	C:\WINDOWS\System32\NSI.dll
0x00007ffdb2570000 - 0x00007ffdb2587000 	C:\WINDOWS\SYSTEM32\dhcpcsvc6.DLL
0x00007ffdb3430000 - 0x00007ffdb344d000 	C:\WINDOWS\SYSTEM32\dhcpcsvc.DLL
0x00007ffdbb550000 - 0x00007ffdbb61a000 	C:\WINDOWS\SYSTEM32\DNSAPI.dll
0x00007ffdad680000 - 0x00007ffdad6a7000 	C:\Program Files\Android\Android Studio\jre\bin\sunec.dll

dbghelp: loaded successfully - version: 4.0.5 - missing functions: none
symbol engine: initialized successfully - sym options: 0x614 - pdb path: .;C:\Program Files\Android\Android Studio\jre\bin;C:\WINDOWS\SYSTEM32;C:\WINDOWS\WinSxS\amd64_microsoft.windows.common-controls_6595b64144ccf1df_6.0.19041.1110_none_60b5254171f9507e;C:\Program Files\Android\Android Studio\jre\bin\server;C:\Users\yusuf\.gradle\native\e1d6ef7f7dcc3fd88c89a11ec53ec762bb8ba0a96d01ffa2cd45eb1d1d8dd5c5\windows-amd64;C:\Users\yusuf\.gradle\native\0d407fdbe67a94daf76414ababcb853783967236a71b16ec16e742cd7a986fd3\windows-amd64

VM Arguments:
jvm_args: --add-opens=java.base/java.util=ALL-UNNAMED --add-opens=java.base/java.lang=ALL-UNNAMED --add-opens=java.base/java.lang.invoke=ALL-UNNAMED --add-opens=java.base/java.util=ALL-UNNAMED --add-opens=java.prefs/java.util.prefs=ALL-UNNAMED --add-opens=java.prefs/java.util.prefs=ALL-UNNAMED --add-opens=java.base/java.nio.charset=ALL-UNNAMED --add-opens=java.base/java.net=ALL-UNNAMED --add-opens=java.base/java.util.concurrent.atomic=ALL-UNNAMED -Xmx2048m -Dfile.encoding=UTF-8 -Duser.country=US -Duser.language=en -Duser.variant 
java_command: org.gradle.launcher.daemon.bootstrap.GradleDaemon 7.4
java_class_path (initial): C:\Users\yusuf\.gradle\wrapper\dists\gradle-7.4-bin\c0gwcg53nkjbqw7r0h0umtfvt\gradle-7.4\lib\gradle-launcher-7.4.jar
Launcher Type: SUN_STANDARD

[Global flags]
     intx CICompilerCount                          = 3                                         {product} {ergonomic}
     uint ConcGCThreads                            = 1                                         {product} {ergonomic}
     uint G1ConcRefinementThreads                  = 4                                         {product} {ergonomic}
   size_t G1HeapRegionSize                         = 1048576                                   {product} {ergonomic}
    uintx GCDrainStackTargetSize                   = 64                                        {product} {ergonomic}
   size_t InitialHeapSize                          = 132120576                                 {product} {ergonomic}
   size_t MarkStackSize                            = 4194304                                   {product} {ergonomic}
   size_t MaxHeapSize                              = 2147483648                                {product} {command line}
   size_t MaxNewSize                               = 1287651328                                {product} {ergonomic}
   size_t MinHeapDeltaBytes                        = 1048576                                   {product} {ergonomic}
    uintx NonNMethodCodeHeapSize                   = 5830732                                {pd product} {ergonomic}
    uintx NonProfiledCodeHeapSize                  = 122913754                              {pd product} {ergonomic}
    uintx ProfiledCodeHeapSize                     = 122913754                              {pd product} {ergonomic}
    uintx ReservedCodeCacheSize                    = 251658240                              {pd product} {ergonomic}
     bool SegmentedCodeCache                       = true                                      {product} {ergonomic}
     bool UseCompressedClassPointers               = true                                 {lp64_product} {ergonomic}
     bool UseCompressedOops                        = true                                 {lp64_product} {ergonomic}
     bool UseG1GC                                  = true                                      {product} {ergonomic}
     bool UseLargePagesIndividualAllocation        = false                                  {pd product} {ergonomic}

Logging:
Log output configuration:
 #0: stdout all=warning uptime,level,tags
 #1: stderr all=off uptime,level,tags

Environment Variables:
PATH=C:\WINDOWS\system32;C:\WINDOWS;C:\WINDOWS\System32\Wbem;C:\WINDOWS\System32\WindowsPowerShell\v1.0\;C:\WINDOWS\System32\OpenSSH\;C:\Program Files\Git\cmd;C:\Program Files\dotnet\;C:\Program Files (x86)\Intel\Intel(R) Management Engine Components\DAL;C:\Program Files\Intel\Intel(R) Management Engine Components\DAL;C:\Users\yusuf\AppData\Local\Microsoft\WindowsApps;;C:\Users\yusuf\AppData\Local\Programs\Microsoft VS Code\bin
USERNAME=yusuf
OS=Windows_NT
PROCESSOR_IDENTIFIER=Intel64 Family 6 Model 78 Stepping 3, GenuineIntel



---------------  S Y S T E M  ---------------

OS: Windows 10 , 64 bit Build 19041 (10.0.19041.1889)
OS uptime: 0 days 13:02 hours

CPU:total 4 (initial active 4) (2 cores per cpu, 2 threads per core) family 6 model 78 stepping 3 microcode 0xd6, cmov, cx8, fxsr, mmx, sse, sse2, sse3, ssse3, sse4.1, sse4.2, popcnt, avx, avx2, aes, clmul, erms, 3dnowpref, lzcnt, ht, tsc, tscinvbit, bmi1, bmi2, adx, fma

Memory: 4k page, system-wide physical 8058M (225M free)
TotalPageFile size 22641M (AvailPageFile size 0M)
current process WorkingSet (physical memory assigned to process): 400M, peak: 546M
current process commit charge ("private bytes"): 588M, peak: 595M

vm_info: OpenJDK 64-Bit Server VM (11.0.13+0-b1751.21-8125866) for windows-amd64 JRE (11.0.13+0-b1751.21-8125866), built on Feb  2 2022 03:00:22 by "builder" with MS VC++ 14.0 (VS2015)

END.
